<<<<<<< HEAD
This is pdfTeX, Version 3.14159265-2.6-1.40.16 (TeX Live 2015/Debian) (preloaded format=pdflatex 2018.6.22)  29 NOV 2018 09:40
=======
This is pdfTeX, Version 3.14159265-2.6-1.40.16 (TeX Live 2015/Debian) (preloaded format=pdflatex 2018.6.22)  27 NOV 2018 02:06
>>>>>>> c19796f244639ae6773a4ab1a275f8179b609258
entering extended mode
 restricted \write18 enabled.
 %&-line parsing enabled.
**main.tex
(./main.tex
LaTeX2e <2016/02/01>
Babel <3.9q> and hyphenation patterns for 81 language(s) loaded.
(/usr/share/texlive/texmf-dist/tex/latex/base/book.cls
Document Class: book 2014/09/29 v1.4h Standard LaTeX document class
(/usr/share/texlive/texmf-dist/tex/latex/base/bk11.clo
File: bk11.clo 2014/09/29 v1.4h Standard LaTeX file (size option)
)
\c@part=\count79
\c@chapter=\count80
\c@section=\count81
\c@subsection=\count82
\c@subsubsection=\count83
\c@paragraph=\count84
\c@subparagraph=\count85
\c@figure=\count86
\c@table=\count87
\abovecaptionskip=\skip41
\belowcaptionskip=\skip42
\bibindent=\dimen102
)
(/usr/share/texlive/texmf-dist/tex/latex/pgf/frontendlayer/tikz.sty
(/usr/share/texlive/texmf-dist/tex/latex/pgf/basiclayer/pgf.sty
(/usr/share/texlive/texmf-dist/tex/latex/pgf/utilities/pgfrcs.sty
(/usr/share/texlive/texmf-dist/tex/generic/pgf/utilities/pgfutil-common.tex
\pgfutil@everybye=\toks14
\pgfutil@tempdima=\dimen103
\pgfutil@tempdimb=\dimen104

(/usr/share/texlive/texmf-dist/tex/generic/pgf/utilities/pgfutil-common-lists.t
ex)) (/usr/share/texlive/texmf-dist/tex/generic/pgf/utilities/pgfutil-latex.def
\pgfutil@abb=\box26
(/usr/share/texlive/texmf-dist/tex/latex/ms/everyshi.sty
Package: everyshi 2001/05/15 v3.00 EveryShipout Package (MS)
))
(/usr/share/texlive/texmf-dist/tex/generic/pgf/utilities/pgfrcs.code.tex
Package: pgfrcs 2015/08/07 v3.0.1a (rcs-revision 1.31)
))
Package: pgf 2015/08/07 v3.0.1a (rcs-revision 1.15)

(/usr/share/texlive/texmf-dist/tex/latex/pgf/basiclayer/pgfcore.sty
(/usr/share/texlive/texmf-dist/tex/latex/graphics/graphicx.sty
Package: graphicx 2014/10/28 v1.0g Enhanced LaTeX Graphics (DPC,SPQR)

(/usr/share/texlive/texmf-dist/tex/latex/graphics/keyval.sty
Package: keyval 2014/10/28 v1.15 key=value parser (DPC)
\KV@toks@=\toks15
)
(/usr/share/texlive/texmf-dist/tex/latex/graphics/graphics.sty
Package: graphics 2016/01/03 v1.0q Standard LaTeX Graphics (DPC,SPQR)

(/usr/share/texlive/texmf-dist/tex/latex/graphics/trig.sty
Package: trig 2016/01/03 v1.10 sin cos tan (DPC)
)
(/usr/share/texlive/texmf-dist/tex/latex/latexconfig/graphics.cfg
File: graphics.cfg 2010/04/23 v1.9 graphics configuration of TeX Live
)
Package graphics Info: Driver file: pdftex.def on input line 95.

(/usr/share/texlive/texmf-dist/tex/latex/pdftex-def/pdftex.def
File: pdftex.def 2011/05/27 v0.06d Graphics/color for pdfTeX

(/usr/share/texlive/texmf-dist/tex/generic/oberdiek/infwarerr.sty
Package: infwarerr 2010/04/08 v1.3 Providing info/warning/error messages (HO)
)
(/usr/share/texlive/texmf-dist/tex/generic/oberdiek/ltxcmds.sty
Package: ltxcmds 2011/11/09 v1.22 LaTeX kernel commands for general use (HO)
)
\Gread@gobject=\count88
))
\Gin@req@height=\dimen105
\Gin@req@width=\dimen106
)
(/usr/share/texlive/texmf-dist/tex/latex/pgf/systemlayer/pgfsys.sty
(/usr/share/texlive/texmf-dist/tex/generic/pgf/systemlayer/pgfsys.code.tex
Package: pgfsys 2014/07/09 v3.0.1a (rcs-revision 1.48)

(/usr/share/texlive/texmf-dist/tex/generic/pgf/utilities/pgfkeys.code.tex
\pgfkeys@pathtoks=\toks16
\pgfkeys@temptoks=\toks17

(/usr/share/texlive/texmf-dist/tex/generic/pgf/utilities/pgfkeysfiltered.code.t
ex
\pgfkeys@tmptoks=\toks18
))
\pgf@x=\dimen107
\pgf@y=\dimen108
\pgf@xa=\dimen109
\pgf@ya=\dimen110
\pgf@xb=\dimen111
\pgf@yb=\dimen112
\pgf@xc=\dimen113
\pgf@yc=\dimen114
\w@pgf@writea=\write3
\r@pgf@reada=\read1
\c@pgf@counta=\count89
\c@pgf@countb=\count90
\c@pgf@countc=\count91
\c@pgf@countd=\count92
\t@pgf@toka=\toks19
\t@pgf@tokb=\toks20
\t@pgf@tokc=\toks21
 (/usr/share/texlive/texmf-dist/tex/generic/pgf/systemlayer/pgf.cfg
File: pgf.cfg 2008/05/14  (rcs-revision 1.7)
)
Driver file for pgf: pgfsys-pdftex.def

(/usr/share/texlive/texmf-dist/tex/generic/pgf/systemlayer/pgfsys-pdftex.def
File: pgfsys-pdftex.def 2014/10/11  (rcs-revision 1.35)

(/usr/share/texlive/texmf-dist/tex/generic/pgf/systemlayer/pgfsys-common-pdf.de
f
File: pgfsys-common-pdf.def 2013/10/10  (rcs-revision 1.13)
)))
(/usr/share/texlive/texmf-dist/tex/generic/pgf/systemlayer/pgfsyssoftpath.code.
tex
File: pgfsyssoftpath.code.tex 2013/09/09  (rcs-revision 1.9)
\pgfsyssoftpath@smallbuffer@items=\count93
\pgfsyssoftpath@bigbuffer@items=\count94
)
(/usr/share/texlive/texmf-dist/tex/generic/pgf/systemlayer/pgfsysprotocol.code.
tex
File: pgfsysprotocol.code.tex 2006/10/16  (rcs-revision 1.4)
)) (/usr/share/texlive/texmf-dist/tex/latex/xcolor/xcolor.sty
Package: xcolor 2007/01/21 v2.11 LaTeX color extensions (UK)

(/usr/share/texlive/texmf-dist/tex/latex/latexconfig/color.cfg
File: color.cfg 2007/01/18 v1.5 color configuration of teTeX/TeXLive
)
Package xcolor Info: Driver file: pdftex.def on input line 225.
Package xcolor Info: Model `cmy' substituted by `cmy0' on input line 1337.
Package xcolor Info: Model `hsb' substituted by `rgb' on input line 1341.
Package xcolor Info: Model `RGB' extended on input line 1353.
Package xcolor Info: Model `HTML' substituted by `rgb' on input line 1355.
Package xcolor Info: Model `Hsb' substituted by `hsb' on input line 1356.
Package xcolor Info: Model `tHsb' substituted by `hsb' on input line 1357.
Package xcolor Info: Model `HSB' substituted by `hsb' on input line 1358.
Package xcolor Info: Model `Gray' substituted by `gray' on input line 1359.
Package xcolor Info: Model `wave' substituted by `hsb' on input line 1360.
)
(/usr/share/texlive/texmf-dist/tex/generic/pgf/basiclayer/pgfcore.code.tex
Package: pgfcore 2010/04/11 v3.0.1a (rcs-revision 1.7)

(/usr/share/texlive/texmf-dist/tex/generic/pgf/math/pgfmath.code.tex
(/usr/share/texlive/texmf-dist/tex/generic/pgf/math/pgfmathcalc.code.tex
(/usr/share/texlive/texmf-dist/tex/generic/pgf/math/pgfmathutil.code.tex)
(/usr/share/texlive/texmf-dist/tex/generic/pgf/math/pgfmathparser.code.tex
\pgfmath@dimen=\dimen115
\pgfmath@count=\count95
\pgfmath@box=\box27
\pgfmath@toks=\toks22
\pgfmath@stack@operand=\toks23
\pgfmath@stack@operation=\toks24
)
(/usr/share/texlive/texmf-dist/tex/generic/pgf/math/pgfmathfunctions.code.tex
(/usr/share/texlive/texmf-dist/tex/generic/pgf/math/pgfmathfunctions.basic.code
.tex)
(/usr/share/texlive/texmf-dist/tex/generic/pgf/math/pgfmathfunctions.trigonomet
ric.code.tex)
(/usr/share/texlive/texmf-dist/tex/generic/pgf/math/pgfmathfunctions.random.cod
e.tex)
(/usr/share/texlive/texmf-dist/tex/generic/pgf/math/pgfmathfunctions.comparison
.code.tex)
(/usr/share/texlive/texmf-dist/tex/generic/pgf/math/pgfmathfunctions.base.code.
tex)
(/usr/share/texlive/texmf-dist/tex/generic/pgf/math/pgfmathfunctions.round.code
.tex)
(/usr/share/texlive/texmf-dist/tex/generic/pgf/math/pgfmathfunctions.misc.code.
tex)
(/usr/share/texlive/texmf-dist/tex/generic/pgf/math/pgfmathfunctions.integerari
thmetics.code.tex)))
(/usr/share/texlive/texmf-dist/tex/generic/pgf/math/pgfmathfloat.code.tex
\c@pgfmathroundto@lastzeros=\count96
))
(/usr/share/texlive/texmf-dist/tex/generic/pgf/basiclayer/pgfcorepoints.code.te
x
File: pgfcorepoints.code.tex 2013/10/07  (rcs-revision 1.27)
\pgf@picminx=\dimen116
\pgf@picmaxx=\dimen117
\pgf@picminy=\dimen118
\pgf@picmaxy=\dimen119
\pgf@pathminx=\dimen120
\pgf@pathmaxx=\dimen121
\pgf@pathminy=\dimen122
\pgf@pathmaxy=\dimen123
\pgf@xx=\dimen124
\pgf@xy=\dimen125
\pgf@yx=\dimen126
\pgf@yy=\dimen127
\pgf@zx=\dimen128
\pgf@zy=\dimen129
)
(/usr/share/texlive/texmf-dist/tex/generic/pgf/basiclayer/pgfcorepathconstruct.
code.tex
File: pgfcorepathconstruct.code.tex 2013/10/07  (rcs-revision 1.29)
\pgf@path@lastx=\dimen130
\pgf@path@lasty=\dimen131
)
(/usr/share/texlive/texmf-dist/tex/generic/pgf/basiclayer/pgfcorepathusage.code
.tex
File: pgfcorepathusage.code.tex 2014/11/02  (rcs-revision 1.24)
\pgf@shorten@end@additional=\dimen132
\pgf@shorten@start@additional=\dimen133
)
(/usr/share/texlive/texmf-dist/tex/generic/pgf/basiclayer/pgfcorescopes.code.te
x
File: pgfcorescopes.code.tex 2015/05/08  (rcs-revision 1.46)
\pgfpic=\box28
\pgf@hbox=\box29
\pgf@layerbox@main=\box30
\pgf@picture@serial@count=\count97
)
(/usr/share/texlive/texmf-dist/tex/generic/pgf/basiclayer/pgfcoregraphicstate.c
ode.tex
File: pgfcoregraphicstate.code.tex 2014/11/02  (rcs-revision 1.12)
\pgflinewidth=\dimen134
)
(/usr/share/texlive/texmf-dist/tex/generic/pgf/basiclayer/pgfcoretransformation
s.code.tex
File: pgfcoretransformations.code.tex 2015/08/07  (rcs-revision 1.20)
\pgf@pt@x=\dimen135
\pgf@pt@y=\dimen136
\pgf@pt@temp=\dimen137
)
(/usr/share/texlive/texmf-dist/tex/generic/pgf/basiclayer/pgfcorequick.code.tex
File: pgfcorequick.code.tex 2008/10/09  (rcs-revision 1.3)
)
(/usr/share/texlive/texmf-dist/tex/generic/pgf/basiclayer/pgfcoreobjects.code.t
ex
File: pgfcoreobjects.code.tex 2006/10/11  (rcs-revision 1.2)
)
(/usr/share/texlive/texmf-dist/tex/generic/pgf/basiclayer/pgfcorepathprocessing
.code.tex
File: pgfcorepathprocessing.code.tex 2013/09/09  (rcs-revision 1.9)
)
(/usr/share/texlive/texmf-dist/tex/generic/pgf/basiclayer/pgfcorearrows.code.te
x
File: pgfcorearrows.code.tex 2015/05/14  (rcs-revision 1.43)
\pgfarrowsep=\dimen138
)
(/usr/share/texlive/texmf-dist/tex/generic/pgf/basiclayer/pgfcoreshade.code.tex
File: pgfcoreshade.code.tex 2013/07/15  (rcs-revision 1.15)
\pgf@max=\dimen139
\pgf@sys@shading@range@num=\count98
)
(/usr/share/texlive/texmf-dist/tex/generic/pgf/basiclayer/pgfcoreimage.code.tex
File: pgfcoreimage.code.tex 2013/07/15  (rcs-revision 1.18)

(/usr/share/texlive/texmf-dist/tex/generic/pgf/basiclayer/pgfcoreexternal.code.
tex
File: pgfcoreexternal.code.tex 2014/07/09  (rcs-revision 1.21)
\pgfexternal@startupbox=\box31
))
(/usr/share/texlive/texmf-dist/tex/generic/pgf/basiclayer/pgfcorelayers.code.te
x
File: pgfcorelayers.code.tex 2013/07/18  (rcs-revision 1.7)
)
(/usr/share/texlive/texmf-dist/tex/generic/pgf/basiclayer/pgfcoretransparency.c
ode.tex
File: pgfcoretransparency.code.tex 2013/09/30  (rcs-revision 1.5)
)
(/usr/share/texlive/texmf-dist/tex/generic/pgf/basiclayer/pgfcorepatterns.code.
tex
File: pgfcorepatterns.code.tex 2013/11/07  (rcs-revision 1.5)
)))
(/usr/share/texlive/texmf-dist/tex/generic/pgf/modules/pgfmoduleshapes.code.tex
File: pgfmoduleshapes.code.tex 2014/03/21  (rcs-revision 1.35)
\pgfnodeparttextbox=\box32
) (/usr/share/texlive/texmf-dist/tex/generic/pgf/modules/pgfmoduleplot.code.tex
File: pgfmoduleplot.code.tex 2015/08/03  (rcs-revision 1.13)
)
(/usr/share/texlive/texmf-dist/tex/latex/pgf/compatibility/pgfcomp-version-0-65
.sty
Package: pgfcomp-version-0-65 2007/07/03 v3.0.1a (rcs-revision 1.7)
\pgf@nodesepstart=\dimen140
\pgf@nodesepend=\dimen141
)
(/usr/share/texlive/texmf-dist/tex/latex/pgf/compatibility/pgfcomp-version-1-18
.sty
Package: pgfcomp-version-1-18 2007/07/23 v3.0.1a (rcs-revision 1.1)
)) (/usr/share/texlive/texmf-dist/tex/latex/pgf/utilities/pgffor.sty
(/usr/share/texlive/texmf-dist/tex/latex/pgf/utilities/pgfkeys.sty
(/usr/share/texlive/texmf-dist/tex/generic/pgf/utilities/pgfkeys.code.tex))
(/usr/share/texlive/texmf-dist/tex/latex/pgf/math/pgfmath.sty
(/usr/share/texlive/texmf-dist/tex/generic/pgf/math/pgfmath.code.tex))
(/usr/share/texlive/texmf-dist/tex/generic/pgf/utilities/pgffor.code.tex
Package: pgffor 2013/12/13 v3.0.1a (rcs-revision 1.25)

(/usr/share/texlive/texmf-dist/tex/generic/pgf/math/pgfmath.code.tex)
\pgffor@iter=\dimen142
\pgffor@skip=\dimen143
\pgffor@stack=\toks25
\pgffor@toks=\toks26
))
(/usr/share/texlive/texmf-dist/tex/generic/pgf/frontendlayer/tikz/tikz.code.tex
Package: tikz 2015/08/07 v3.0.1a (rcs-revision 1.151)

(/usr/share/texlive/texmf-dist/tex/generic/pgf/libraries/pgflibraryplothandlers
.code.tex
File: pgflibraryplothandlers.code.tex 2013/08/31 v3.0.1a (rcs-revision 1.20)
\pgf@plot@mark@count=\count99
\pgfplotmarksize=\dimen144
)
\tikz@lastx=\dimen145
\tikz@lasty=\dimen146
\tikz@lastxsaved=\dimen147
\tikz@lastysaved=\dimen148
\tikzleveldistance=\dimen149
\tikzsiblingdistance=\dimen150
\tikz@figbox=\box33
\tikz@figbox@bg=\box34
\tikz@tempbox=\box35
\tikz@tempbox@bg=\box36
\tikztreelevel=\count100
\tikznumberofchildren=\count101
\tikznumberofcurrentchild=\count102
\tikz@fig@count=\count103

(/usr/share/texlive/texmf-dist/tex/generic/pgf/modules/pgfmodulematrix.code.tex
File: pgfmodulematrix.code.tex 2013/09/17  (rcs-revision 1.8)
\pgfmatrixcurrentrow=\count104
\pgfmatrixcurrentcolumn=\count105
\pgf@matrix@numberofcolumns=\count106
)
\tikz@expandcount=\count107

(/usr/share/texlive/texmf-dist/tex/generic/pgf/frontendlayer/tikz/libraries/tik
zlibrarytopaths.code.tex
File: tikzlibrarytopaths.code.tex 2008/06/17 v3.0.1a (rcs-revision 1.2)
)))
(/usr/share/texlive/texmf-dist/tex/latex/frontespizio/frontespizio.sty
Package: frontespizio 2011/09/21 1.4a (Enrico Gregorio)

(/usr/share/texlive/texmf-dist/tex/latex/tools/afterpage.sty
Package: afterpage 2014/10/28 v1.08 After-Page Package (DPC)
\AP@output=\toks27
\AP@partial=\box37
\AP@footins=\box38
)
(/usr/share/texlive/texmf-dist/tex/generic/oberdiek/atbegshi.sty
Package: atbegshi 2011/10/05 v1.16 At begin shipout hook (HO)

(/usr/share/texlive/texmf-dist/tex/generic/oberdiek/ifpdf.sty
Package: ifpdf 2011/01/30 v2.3 Provides the ifpdf switch (HO)
Package ifpdf Info: pdfTeX in PDF mode is detected.
))
(/usr/share/texlive/texmf-dist/tex/latex/environ/environ.sty
Package: environ 2014/05/04 v0.3 A new way to define environments

(/usr/share/texlive/texmf-dist/tex/latex/trimspaces/trimspaces.sty
Package: trimspaces 2009/09/17 v1.1 Trim spaces around a token list
)
\@envbody=\toks28
)
(/usr/share/texlive/texmf-dist/tex/generic/ifxetex/ifxetex.sty
Package: ifxetex 2010/09/12 v0.6 Provides ifxetex conditional
)
\front@out=\write4
\openout4 = `main-frn.tex'.

)
(/usr/share/texlive/texmf-dist/tex/latex/cite/cite.sty
LaTeX Info: Redefining \cite on input line 302.
LaTeX Info: Redefining \nocite on input line 332.
Package: cite 2015/02/27  v 5.5
)
(/usr/share/texlive/texmf-dist/tex/generic/babel/babel.sty
Package: babel 2016/02/24 3.9q The Babel package

(/usr/share/texlive/texmf-dist/tex/generic/babel-english/english.ldf
Language: english 2012/08/20 v3.3p English support from the babel system

(/usr/share/texlive/texmf-dist/tex/generic/babel/babel.def
File: babel.def 2016/02/24 3.9q Babel common definitions
\babel@savecnt=\count108
\U@D=\dimen151
)
\l@canadian = a dialect from \language\l@american 
\l@australian = a dialect from \language\l@british 
\l@newzealand = a dialect from \language\l@british 
)
(/usr/share/texlive/texmf-dist/tex/generic/babel-italian/italian.ldf
Language: italian 2015/03/26 v1.3n Italian support from the babel system
\it@lettering=\count109
\it@doublequoteactive=\count110
\it@ISOcompliance=\count111
))
(/usr/share/texlive/texmf-dist/tex/latex/etoolbox/etoolbox.sty
Package: etoolbox 2015/08/02 v2.2a e-TeX tools for LaTeX (JAW)
\etb@tempcnta=\count112
)
(/usr/share/texlive/texmf-dist/tex/latex/svg/svg.sty
Package: svg 2012/09/05 v1.0 SVG inclusion and extraction

(/usr/share/texlive/texmf-dist/tex/latex/xkeyval/xkeyval.sty
Package: xkeyval 2014/12/03 v2.7a package option processing (HA)

(/usr/share/texlive/texmf-dist/tex/generic/xkeyval/xkeyval.tex
(/usr/share/texlive/texmf-dist/tex/generic/xkeyval/xkvutils.tex
\XKV@toks=\toks29
\XKV@tempa@toks=\toks30
)
\XKV@depth=\count113
File: xkeyval.tex 2014/12/03 v2.7a key=value parser (HA)
))
(/usr/share/texlive/texmf-dist/tex/latex/subfig/subfig.sty
Package: subfig 2005/06/28 ver: 1.3 subfig package

(/usr/share/texlive/texmf-dist/tex/latex/caption/caption.sty
Package: caption 2016/02/21 v3.3-144 Customizing captions (AR)

(/usr/share/texlive/texmf-dist/tex/latex/caption/caption3.sty
Package: caption3 2016/02/04 v1.7-139 caption3 kernel (AR)
Package caption3 Info: TeX engine: e-TeX on input line 67.
\captionmargin=\dimen152
\captionmargin@=\dimen153
\captionwidth=\dimen154
\caption@tempdima=\dimen155
\caption@indent=\dimen156
\caption@parindent=\dimen157
\caption@hangindent=\dimen158
)
\c@ContinuedFloat=\count114
)
\c@KVtest=\count115
\sf@farskip=\skip43
\sf@captopadj=\dimen159
\sf@capskip=\skip44
\sf@nearskip=\skip45
\c@subfigure=\count116
\c@subfigure@save=\count117
\c@lofdepth=\count118
\c@subtable=\count119
\c@subtable@save=\count120
\c@lotdepth=\count121
\sf@top=\skip46
\sf@bottom=\skip47
)
(/usr/share/texlive/texmf-dist/tex/latex/import/import.sty
Package: import 2009/03/23  v 5.1
)
(/usr/share/texlive/texmf-dist/tex/latex/oberdiek/transparent.sty
Package: transparent 2007/01/08 v1.0 Transparency via pdfTeX's color stack (HO)


(/usr/share/texlive/texmf-dist/tex/latex/oberdiek/auxhook.sty
Package: auxhook 2011/03/04 v1.3 Hooks for auxiliary files (HO)
))
\SVG@out@width=\skip48
\SVG@out@height=\skip49
\c@svgfigure=\count122
)
(/usr/share/texlive/texmf-dist/tex/latex/fancyhdr/fancyhdr.sty
\fancy@headwidth=\skip50
\f@ncyO@elh=\skip51
\f@ncyO@erh=\skip52
\f@ncyO@olh=\skip53
\f@ncyO@orh=\skip54
\f@ncyO@elf=\skip55
\f@ncyO@erf=\skip56
\f@ncyO@olf=\skip57
\f@ncyO@orf=\skip58
)
(/usr/share/texlive/texmf-dist/tex/latex/listings/listings.sty
\lst@mode=\count123
\lst@gtempboxa=\box39
\lst@token=\toks31
\lst@length=\count124
\lst@currlwidth=\dimen160
\lst@column=\count125
\lst@pos=\count126
\lst@lostspace=\dimen161
\lst@width=\dimen162
\lst@newlines=\count127
\lst@lineno=\count128
\lst@maxwidth=\dimen163

(/usr/share/texlive/texmf-dist/tex/latex/listings/lstmisc.sty
File: lstmisc.sty 2015/06/04 1.6 (Carsten Heinz)
\c@lstnumber=\count129
\lst@skipnumbers=\count130
\lst@framebox=\box40
)
(/usr/share/texlive/texmf-dist/tex/latex/listings/listings.cfg
File: listings.cfg 2015/06/04 1.6 listings configuration
))
Package: listings 2015/06/04 1.6 (Carsten Heinz)

(/usr/share/texlive/texmf-dist/tex/latex/forest/forest.sty
Package: forest 2016/03/04 v2.0.2 Drawing (linguistic) trees

(/usr/share/texlive/texmf-dist/tex/generic/pgf/frontendlayer/tikz/libraries/tik
zlibraryshapes.code.tex
File: tikzlibraryshapes.code.tex 2008/01/09 v3.0.1a (rcs-revision 1.1)

(/usr/share/texlive/texmf-dist/tex/generic/pgf/frontendlayer/tikz/libraries/tik
zlibraryshapes.geometric.code.tex
File: tikzlibraryshapes.geometric.code.tex 2008/01/09 v3.0.1a (rcs-revision 1.1
)

(/usr/share/texlive/texmf-dist/tex/generic/pgf/libraries/shapes/pgflibraryshape
s.geometric.code.tex
File: pgflibraryshapes.geometric.code.tex 2008/06/26 v3.0.1a (rcs-revision 1.1)

))
(/usr/share/texlive/texmf-dist/tex/generic/pgf/frontendlayer/tikz/libraries/tik
zlibraryshapes.misc.code.tex
File: tikzlibraryshapes.misc.code.tex 2008/01/09 v3.0.1a (rcs-revision 1.1)

(/usr/share/texlive/texmf-dist/tex/generic/pgf/libraries/shapes/pgflibraryshape
s.misc.code.tex
File: pgflibraryshapes.misc.code.tex 2013/07/18 v3.0.1a (rcs-revision 1.5)
))
(/usr/share/texlive/texmf-dist/tex/generic/pgf/frontendlayer/tikz/libraries/tik
zlibraryshapes.symbols.code.tex
File: tikzlibraryshapes.symbols.code.tex 2008/01/09 v3.0.1a (rcs-revision 1.1)

(/usr/share/texlive/texmf-dist/tex/generic/pgf/libraries/shapes/pgflibraryshape
s.symbols.code.tex
File: pgflibraryshapes.symbols.code.tex 2013/09/11 v3.0.1a (rcs-revision 1.6)
))
(/usr/share/texlive/texmf-dist/tex/generic/pgf/frontendlayer/tikz/libraries/tik
zlibraryshapes.arrows.code.tex
File: tikzlibraryshapes.arrows.code.tex 2008/01/09 v3.0.1a (rcs-revision 1.1)

(/usr/share/texlive/texmf-dist/tex/generic/pgf/libraries/shapes/pgflibraryshape
s.arrows.code.tex
File: pgflibraryshapes.arrows.code.tex 2008/06/26 v3.0.1a (rcs-revision 1.1)
))
(/usr/share/texlive/texmf-dist/tex/generic/pgf/frontendlayer/tikz/libraries/tik
zlibraryshapes.callouts.code.tex
(/usr/share/texlive/texmf-dist/tex/generic/pgf/libraries/shapes/pgflibraryshape
s.callouts.code.tex))
(/usr/share/texlive/texmf-dist/tex/generic/pgf/frontendlayer/tikz/libraries/tik
zlibraryshapes.multipart.code.tex
File: tikzlibraryshapes.multipart.code.tex 2008/01/09 v3.0.1a (rcs-revision 1.1
)

(/usr/share/texlive/texmf-dist/tex/generic/pgf/libraries/shapes/pgflibraryshape
s.multipart.code.tex
File: pgflibraryshapes.multipart.code.tex 2010/01/07 v3.0.1a (rcs-revision 1.2)

\pgfnodepartlowerbox=\box41
\pgfnodeparttwobox=\box42
\pgfnodepartthreebox=\box43
\pgfnodepartfourbox=\box44
\pgfnodeparttwentybox=\box45
\pgfnodepartnineteenbox=\box46
\pgfnodeparteighteenbox=\box47
\pgfnodepartseventeenbox=\box48
\pgfnodepartsixteenbox=\box49
\pgfnodepartfifteenbox=\box50
\pgfnodepartfourteenbox=\box51
\pgfnodepartthirteenbox=\box52
\pgfnodeparttwelvebox=\box53
\pgfnodepartelevenbox=\box54
\pgfnodeparttenbox=\box55
\pgfnodepartninebox=\box56
\pgfnodeparteightbox=\box57
\pgfnodepartsevenbox=\box58
\pgfnodepartsixbox=\box59
\pgfnodepartfivebox=\box60
)))
(/usr/share/texlive/texmf-dist/tex/generic/pgf/frontendlayer/tikz/libraries/tik
zlibraryfit.code.tex
File: tikzlibraryfit.code.tex 2013/07/12 v3.0.1a (rcs-revision 1.5)
)
(/usr/share/texlive/texmf-dist/tex/generic/pgf/frontendlayer/tikz/libraries/tik
zlibrarycalc.code.tex
File: tikzlibrarycalc.code.tex 2013/07/15 v3.0.1a (rcs-revision 1.9)
)
(/usr/share/texlive/texmf-dist/tex/generic/pgf/libraries/pgflibraryintersection
s.code.tex
(/usr/share/texlive/texmf-dist/tex/generic/pgf/libraries/pgflibraryfpu.code.tex
)
\pgf@intersect@solutions=\count131
) (/usr/share/texlive/texmf-dist/tex/latex/pgfopts/pgfopts.sty
Package: pgfopts 2014/07/10 v2.1a LaTeX package options with pgfkeys
\pgfopts@list@add@a@toks=\toks32
\pgfopts@list@add@b@toks=\toks33
)
(/usr/share/texlive/texmf-dist/tex/latex/elocalloc/elocalloc.sty
Package: elocalloc 2015/06/21 v0.02 local allocation for LaTeX 2015+ (DPC)
)
(/usr/share/texlive/texmf-dist/tex/latex/l3packages/xparse/xparse.sty
(/usr/share/texlive/texmf-dist/tex/latex/l3kernel/expl3.sty
Package: expl3 2016/01/19 v6377 L3 programming layer (loader) 

(/usr/share/texlive/texmf-dist/tex/latex/l3kernel/expl3-code.tex
Package: expl3 2016/01/19 v6377 L3 programming layer (code)
L3 Module: l3bootstrap 2016/01/01 v6339 L3 Bootstrap code
L3 Module: l3names 2015/12/21 v6328 L3 Namespace for primitives
L3 Module: l3basics 2015/11/22 v6315 L3 Basic definitions
L3 Module: l3expan 2015/09/10 v5983 L3 Argument expansion
L3 Module: l3tl 2015/09/29 v6121 L3 Token lists
L3 Module: l3str 2016/01/03 v6357 L3 Strings
L3 Module: l3seq 2015/08/05 v5777 L3 Sequences and stacks
L3 Module: l3int 2016/01/05 v6366 L3 Integers
\c_max_int=\count132
\l_tmpa_int=\count133
\l_tmpb_int=\count134
\g_tmpa_int=\count135
\g_tmpb_int=\count136
L3 Module: l3quark 2015/08/17 v5855 L3 Quarks
L3 Module: l3prg 2015/11/01 v6216 L3 Control structures
\g__prg_map_int=\count137
L3 Module: l3clist 2015/09/02 v5901 L3 Comma separated lists
L3 Module: l3token 2015/11/11 v6249 L3 Experimental token manipulation
L3 Module: l3prop 2016/01/05 v6366 L3 Property lists
L3 Module: l3msg 2015/09/28 v6113 L3 Messages
L3 Module: l3file 2015/12/03 v6317 L3 File and I/O operations
\l_iow_line_count_int=\count138
\l__iow_target_count_int=\count139
\l__iow_current_line_int=\count140
\l__iow_current_word_int=\count141
\l__iow_current_indentation_int=\count142
L3 Module: l3skip 2016/01/05 v6366 L3 Dimensions and skips
\c_zero_dim=\dimen164
\c_max_dim=\dimen165
\l_tmpa_dim=\dimen166
\l_tmpb_dim=\dimen167
\g_tmpa_dim=\dimen168
\g_tmpb_dim=\dimen169
\c_zero_skip=\skip59
\c_max_skip=\skip60
\l_tmpa_skip=\skip61
\l_tmpb_skip=\skip62
\g_tmpa_skip=\skip63
\g_tmpb_skip=\skip64
\c_zero_muskip=\muskip10
\c_max_muskip=\muskip11
\l_tmpa_muskip=\muskip12
\l_tmpb_muskip=\muskip13
\g_tmpa_muskip=\muskip14
\g_tmpb_muskip=\muskip15
L3 Module: l3keys 2015/11/17 v6284 L3 Key-value interfaces
\g__keyval_level_int=\count143
\l_keys_choice_int=\count144
L3 Module: l3fp 2015/08/25 v5890 L3 Floating points
\c__fp_leading_shift_int=\count145
\c__fp_middle_shift_int=\count146
\c__fp_trailing_shift_int=\count147
\c__fp_big_leading_shift_int=\count148
\c__fp_big_middle_shift_int=\count149
\c__fp_big_trailing_shift_int=\count150
\c__fp_Bigg_leading_shift_int=\count151
\c__fp_Bigg_middle_shift_int=\count152
\c__fp_Bigg_trailing_shift_int=\count153
L3 Module: l3box 2015/08/09 v5822 L3 Experimental boxes
\c_empty_box=\box61
\l_tmpa_box=\box62
\l_tmpb_box=\box63
\g_tmpa_box=\box64
\g_tmpb_box=\box65
L3 Module: l3coffins 2015/08/06 v5789 L3 Coffin code layer
\l__coffin_internal_box=\box66
\l__coffin_internal_dim=\dimen170
\l__coffin_offset_x_dim=\dimen171
\l__coffin_offset_y_dim=\dimen172
\l__coffin_x_dim=\dimen173
\l__coffin_y_dim=\dimen174
\l__coffin_x_prime_dim=\dimen175
\l__coffin_y_prime_dim=\dimen176
\c_empty_coffin=\box67
\l__coffin_aligned_coffin=\box68
\l__coffin_aligned_internal_coffin=\box69
\l_tmpa_coffin=\box70
\l_tmpb_coffin=\box71
\l__coffin_display_coffin=\box72
\l__coffin_display_coord_coffin=\box73
\l__coffin_display_pole_coffin=\box74
\l__coffin_display_offset_dim=\dimen177
\l__coffin_display_x_dim=\dimen178
\l__coffin_display_y_dim=\dimen179
L3 Module: l3color 2014/08/23 v5354 L3 Experimental color support
L3 Module: l3sys 2015/09/25 v6087 L3 Experimental system/runtime functions
L3 Module: l3candidates 2016/01/14 v6376 L3 Experimental additions to l3kernel
\l__box_top_dim=\dimen180
\l__box_bottom_dim=\dimen181
\l__box_left_dim=\dimen182
\l__box_right_dim=\dimen183
\l__box_top_new_dim=\dimen184
\l__box_bottom_new_dim=\dimen185
\l__box_left_new_dim=\dimen186
\l__box_right_new_dim=\dimen187
\l__box_internal_box=\box75
\l__coffin_bounding_shift_dim=\dimen188
\l__coffin_left_corner_dim=\dimen189
\l__coffin_right_corner_dim=\dimen190
\l__coffin_bottom_corner_dim=\dimen191
\l__coffin_top_corner_dim=\dimen192
\l__coffin_scaled_total_height_dim=\dimen193
\l__coffin_scaled_width_dim=\dimen194
L3 Module: l3luatex 2015/11/11 v6250 L3 Experimental LuaTeX-specific functions
)
(/usr/share/texlive/texmf-dist/tex/latex/l3kernel/l3pdfmode.def
File: l3pdfmode.def 2015/11/11 v6250 L3 Experimental driver: PDF mode
\l__driver_color_stack_int=\count154
))
Package: xparse 2016/01/19 v6377 L3 Experimental document command parser
\l__xparse_current_arg_int=\count155
\l__xparse_m_args_int=\count156
\l__xparse_mandatory_args_int=\count157
\l__xparse_processor_int=\count158
\l__xparse_v_nesting_int=\count159
)
.................................................
. LaTeX info: "xparse/define-command"
. 
. Defining command \useforestlibrary with sig. 's O{} m' on line 91.
.................................................
.................................................
. LaTeX info: "xparse/define-command"
. 
. Defining command \ProvidesForestLibrary with sig. 'm O{}' on line 95.
.................................................
\safeloop@depth=\count160
\safeRKloop@depth=\count161
\forest@temp@dimen=\dimen195
\forest@temp@count=\count162
\forest@n=\count163
\forest@temp@global@count=\count164
\forest@temp@toks=\toks34
\forest@sort@m=\count165
\forest@sort@k=\count166
\forest@sort@p=\count167
\bracket@content=\toks35
\bracket@afterthought=\toks36
\forest@node@maxid=\count168
\forest@processargs@result=\toks37
\forest@processargs@current=\toks38
\forest@nodewalk@shortsteps@resolution=\toks39
\forest@do@dynamics=\toks40
\forest@box=\box76
\forest@xg=\dimen196
\forest@yg=\dimen197
\forest@xs=\dimen198
\forest@ys=\dimen199
.................................................
. LaTeX info: "xparse/define-environment"
. 
. Defining environment 'forest' with sig. 'D(){}' on line 6635.
.................................................
.................................................
. LaTeX info: "xparse/define-command"
. 
. Defining command \Forest with sig. 's D(){} m' on line 6640.
.................................................
\forest@externalize@max@outer@n=\count169
\forest@externalize@inner@n=\count170
)
(/usr/share/texlive/texmf-dist/tex/latex/forest/forest-lib-linguistics.sty
Package: forest-lib-linguistics 2015/11/14 v0.1
\standardnodestrutbox=\box77
)
(/usr/share/texlive/texmf-dist/tex/latex/geometry/geometry.sty
Package: geometry 2010/09/12 v5.6 Page Geometry

(/usr/share/texlive/texmf-dist/tex/generic/oberdiek/ifvtex.sty
Package: ifvtex 2010/03/01 v1.5 Detect VTeX and its facilities (HO)
Package ifvtex Info: VTeX not detected.
)
\Gm@cnth=\count171
\Gm@cntv=\count172
\c@Gm@tempcnt=\count173
\Gm@bindingoffset=\dimen256
\Gm@wd@mp=\dimen257
\Gm@odd@mp=\dimen258
\Gm@even@mp=\dimen259
\Gm@layoutwidth=\dimen260
\Gm@layoutheight=\dimen261
\Gm@layouthoffset=\dimen262
\Gm@layoutvoffset=\dimen263
\Gm@dimlist=\toks41
)
(/usr/share/texlive/texmf-dist/tex/latex/amsmath/amsmath.sty
Package: amsmath 2016/03/03 v2.15a AMS math features
\@mathmargin=\skip65

For additional information on amsmath, use the `?' option.
(/usr/share/texlive/texmf-dist/tex/latex/amsmath/amstext.sty
Package: amstext 2000/06/29 v2.01 AMS text

(/usr/share/texlive/texmf-dist/tex/latex/amsmath/amsgen.sty
File: amsgen.sty 1999/11/30 v2.0 generic functions
\@emptytoks=\toks42
\ex@=\dimen264
)
LaTeX Info: Redefining \text on input line 28.
)
(/usr/share/texlive/texmf-dist/tex/latex/amsmath/amsbsy.sty
Package: amsbsy 1999/11/29 v1.2d Bold Symbols
\pmbraise@=\dimen265
)
(/usr/share/texlive/texmf-dist/tex/latex/amsmath/amsopn.sty
Package: amsopn 1999/12/14 v2.01 operator names
)
\inf@bad=\count174
LaTeX Info: Redefining \frac on input line 199.
\uproot@=\count175
\leftroot@=\count176
LaTeX Info: Redefining \overline on input line 297.
\classnum@=\count177
\DOTSCASE@=\count178
LaTeX Info: Redefining \ldots on input line 394.
LaTeX Info: Redefining \dots on input line 397.
LaTeX Info: Redefining \cdots on input line 518.
\Mathstrutbox@=\box78
\strutbox@=\box79
\big@size=\dimen266
LaTeX Font Info:    Redeclaring font encoding OML on input line 630.
LaTeX Font Info:    Redeclaring font encoding OMS on input line 631.
\macc@depth=\count179
\c@MaxMatrixCols=\count180
\dotsspace@=\muskip16
\c@parentequation=\count181
\dspbrk@lvl=\count182
\tag@help=\toks43
\row@=\count183
\column@=\count184
\maxfields@=\count185
\andhelp@=\toks44
\eqnshift@=\dimen267
\alignsep@=\dimen268
\tagshift@=\dimen269
\tagwidth@=\dimen270
\totwidth@=\dimen271
\lineht@=\dimen272
\@envbody=\toks45
\multlinegap=\skip66
\multlinetaggap=\skip67
\mathdisplay@stack=\toks46
LaTeX Info: Redefining \[ on input line 2735.
LaTeX Info: Redefining \] on input line 2736.
)
(/usr/share/texlive/texmf-dist/tex/latex/algorithms/algorithm.sty
Package: algorithm 2009/08/24 v0.1 Document Style `algorithm' - floating enviro
nment

(/usr/share/texlive/texmf-dist/tex/latex/float/float.sty
Package: float 2001/11/08 v1.3d Float enhancements (AL)
\c@float@type=\count186
\float@exts=\toks47
\float@box=\box80
\@float@everytoks=\toks48
\@floatcapt=\box81
)
(/usr/share/texlive/texmf-dist/tex/latex/base/ifthen.sty
Package: ifthen 2014/09/29 v1.1c Standard LaTeX ifthen package (DPC)
)
\@float@every@algorithm=\toks49
\c@algorithm=\count187
)
(/usr/share/texlive/texmf-dist/tex/latex/algorithmicx/algpseudocode.sty
Package: algpseudocode 

(/usr/share/texlive/texmf-dist/tex/latex/algorithmicx/algorithmicx.sty
Package: algorithmicx 2005/04/27 v1.2 Algorithmicx

Document Style algorithmicx 1.2 - a greatly improved `algorithmic' style
\c@ALG@line=\count188
\c@ALG@rem=\count189
\c@ALG@nested=\count190
\ALG@tlm=\skip68
\ALG@thistlm=\skip69
\c@ALG@Lnr=\count191
\c@ALG@blocknr=\count192
\c@ALG@storecount=\count193
\c@ALG@tmpcounter=\count194
\ALG@tmplength=\skip70
)
Document Style - pseudocode environments for use with the `algorithmicx' style
) (/usr/share/texlive/texmf-dist/tex/latex/oberdiek/inputenx.sty
Package: inputenx 2011/05/27 v1.10 Enhanced input encoding handling (HO)

(/usr/share/texlive/texmf-dist/tex/latex/oberdiek/ix-alias.def
File: ix-alias.def 2011/05/27 v1.10 Alias list (inputenx)
)
Package inputenx Info: Encoding name: utf8x
(inputenx)             Encoding file: utf8x.def
(inputenx)              on input line 171.

(/usr/share/texlive/texmf-dist/tex/latex/base/inputenc.sty
Package: inputenc 2015/03/17 v1.2c Input encoding file
\inpenc@prehook=\toks50
\inpenc@posthook=\toks51
)
(/usr/share/texlive/texmf-dist/tex/latex/ucs/utf8x.def
File: utf8x.def 2004/10/17 UCS: Input encoding UTF-8
))
(/usr/share/texlive/texmf-dist/tex/latex/ucs/ucs.sty
Package: ucs 2013/05/11 v2.2 UCS: Unicode input support

(/usr/share/texlive/texmf-dist/tex/latex/ucs/data/uni-global.def
File: uni-global.def 2013/05/13 UCS: Unicode global data
)
\uc@secondtry=\count195
\uc@combtoks=\toks52
\uc@combtoksb=\toks53
\uc@temptokena=\toks54
)
(/usr/share/texlive/texmf-dist/tex/latex/url/url.sty
\Urlmuskip=\muskip17
Package: url 2013/09/16  ver 3.4  Verb mode for urls, etc.
)
(/usr/share/texlive/texmf-dist/tex/latex/hyperref/hyperref.sty
Package: hyperref 2012/11/06 v6.83m Hypertext links for LaTeX

(/usr/share/texlive/texmf-dist/tex/generic/oberdiek/hobsub-hyperref.sty
Package: hobsub-hyperref 2012/05/28 v1.13 Bundle oberdiek, subset hyperref (HO)


(/usr/share/texlive/texmf-dist/tex/generic/oberdiek/hobsub-generic.sty
Package: hobsub-generic 2012/05/28 v1.13 Bundle oberdiek, subset generic (HO)
Package: hobsub 2012/05/28 v1.13 Construct package bundles (HO)
Package hobsub Info: Skipping package `infwarerr' (already loaded).
Package hobsub Info: Skipping package `ltxcmds' (already loaded).
Package: ifluatex 2010/03/01 v1.3 Provides the ifluatex switch (HO)
Package ifluatex Info: LuaTeX not detected.
Package hobsub Info: Skipping package `ifvtex' (already loaded).
Package: intcalc 2007/09/27 v1.1 Expandable calculations with integers (HO)
Package hobsub Info: Skipping package `ifpdf' (already loaded).
Package: etexcmds 2011/02/16 v1.5 Avoid name clashes with e-TeX commands (HO)
Package etexcmds Info: Could not find \expanded.
(etexcmds)             That can mean that you are not using pdfTeX 1.50 or
(etexcmds)             that some package has redefined \expanded.
(etexcmds)             In the latter case, load this package earlier.
Package: kvsetkeys 2012/04/25 v1.16 Key value parser (HO)
Package: kvdefinekeys 2011/04/07 v1.3 Define keys (HO)
Package: pdftexcmds 2011/11/29 v0.20 Utility functions of pdfTeX for LuaTeX (HO
)
Package pdftexcmds Info: LuaTeX not detected.
Package pdftexcmds Info: \pdf@primitive is available.
Package pdftexcmds Info: \pdf@ifprimitive is available.
Package pdftexcmds Info: \pdfdraftmode found.
Package: pdfescape 2011/11/25 v1.13 Implements pdfTeX's escape features (HO)
Package: bigintcalc 2012/04/08 v1.3 Expandable calculations on big integers (HO
)
Package: bitset 2011/01/30 v1.1 Handle bit-vector datatype (HO)
Package: uniquecounter 2011/01/30 v1.2 Provide unlimited unique counter (HO)
)
Package hobsub Info: Skipping package `hobsub' (already loaded).
Package: letltxmacro 2010/09/02 v1.4 Let assignment for LaTeX macros (HO)
Package: hopatch 2012/05/28 v1.2 Wrapper for package hooks (HO)
Package: xcolor-patch 2011/01/30 xcolor patch
Package: atveryend 2011/06/30 v1.8 Hooks at the very end of document (HO)
Package atveryend Info: \AP@enddocument detected (standard20110627).
Package hobsub Info: Skipping package `atbegshi' (already loaded).
Package: refcount 2011/10/16 v3.4 Data extraction from label references (HO)
Package: hycolor 2011/01/30 v1.7 Color options for hyperref/bookmark (HO)
)
(/usr/share/texlive/texmf-dist/tex/latex/oberdiek/kvoptions.sty
Package: kvoptions 2011/06/30 v3.11 Key value format for package options (HO)
)
\@linkdim=\dimen273
\Hy@linkcounter=\count196
\Hy@pagecounter=\count197

(/usr/share/texlive/texmf-dist/tex/latex/hyperref/pd1enc.def
File: pd1enc.def 2012/11/06 v6.83m Hyperref: PDFDocEncoding definition (HO)
)
\Hy@SavedSpaceFactor=\count198

(/usr/share/texlive/texmf-dist/tex/latex/latexconfig/hyperref.cfg
File: hyperref.cfg 2002/06/06 v1.2 hyperref configuration of TeXLive
)
Package hyperref Info: Hyper figures OFF on input line 4443.
Package hyperref Info: Link nesting OFF on input line 4448.
Package hyperref Info: Hyper index ON on input line 4451.
Package hyperref Info: Plain pages OFF on input line 4458.
Package hyperref Info: Backreferencing OFF on input line 4463.
Package hyperref Info: Implicit mode ON; LaTeX internals redefined.
Package hyperref Info: Bookmarks ON on input line 4688.
\c@Hy@tempcnt=\count199
LaTeX Info: Redefining \url on input line 5041.
\XeTeXLinkMargin=\dimen274
\Fld@menulength=\count266
\Field@Width=\dimen275
\Fld@charsize=\dimen276
Package hyperref Info: Hyper figures OFF on input line 6295.
Package hyperref Info: Link nesting OFF on input line 6300.
Package hyperref Info: Hyper index ON on input line 6303.
Package hyperref Info: backreferencing OFF on input line 6310.
Package hyperref Info: Link coloring OFF on input line 6315.
Package hyperref Info: Link coloring with OCG OFF on input line 6320.
Package hyperref Info: PDF/A mode OFF on input line 6325.
LaTeX Info: Redefining \ref on input line 6365.
LaTeX Info: Redefining \pageref on input line 6369.
\Hy@abspage=\count267
\c@Item=\count268
\c@Hfootnote=\count269
)

Package hyperref Message: Driver (autodetected): hpdftex.

(/usr/share/texlive/texmf-dist/tex/latex/hyperref/hpdftex.def
File: hpdftex.def 2012/11/06 v6.83m Hyperref driver for pdfTeX
\Fld@listcount=\count270
\c@bookmark@seq@number=\count271

(/usr/share/texlive/texmf-dist/tex/latex/oberdiek/rerunfilecheck.sty
Package: rerunfilecheck 2011/04/15 v1.7 Rerun checks for auxiliary files (HO)
Package uniquecounter Info: New unique counter `rerunfilecheck' on input line 2
82.
)
\Hy@SectionHShift=\skip71
)
(/usr/share/texlive/texmf-dist/tex/latex/subfiles/subfiles.sty
Package: subfiles 2012/05/23 Federico Garcia

(/usr/share/texlive/texmf-dist/tex/latex/tools/verbatim.sty
Package: verbatim 2014/10/28 v1.5q LaTeX2e package for verbatim enhancements
\every@verbatim=\toks55
\verbatim@line=\toks56
\verbatim@in@stream=\read2
)) (./main.aux

LaTeX Warning: Label `lst:catslips' multiply defined.


LaTeX Warning: Label `fig:outputSlips' multiply defined.

)
\openout1 = `main.aux'.

LaTeX Font Info:    Checking defaults for OML/cmm/m/it on input line 83.
LaTeX Font Info:    ... okay on input line 83.
LaTeX Font Info:    Checking defaults for T1/cmr/m/n on input line 83.
LaTeX Font Info:    ... okay on input line 83.
LaTeX Font Info:    Checking defaults for OT1/cmr/m/n on input line 83.
LaTeX Font Info:    ... okay on input line 83.
LaTeX Font Info:    Checking defaults for OMS/cmsy/m/n on input line 83.
LaTeX Font Info:    ... okay on input line 83.
LaTeX Font Info:    Checking defaults for OMX/cmex/m/n on input line 83.
LaTeX Font Info:    ... okay on input line 83.
LaTeX Font Info:    Checking defaults for U/cmr/m/n on input line 83.
LaTeX Font Info:    ... okay on input line 83.
LaTeX Font Info:    Checking defaults for PD1/pdf/m/n on input line 83.
LaTeX Font Info:    ... okay on input line 83.
 ABD: EveryShipout initializing macros
(/usr/share/texlive/texmf-dist/tex/context/base/supp-pdf.mkii
[Loading MPS to PDF converter (version 2006.09.02).]
\scratchcounter=\count272
\scratchdimen=\dimen277
\scratchbox=\box82
\nofMPsegments=\count273
\nofMParguments=\count274
\everyMPshowfont=\toks57
\MPscratchCnt=\count275
\MPscratchDim=\dimen278
\MPnumerator=\count276
\makeMPintoPDFobject=\count277
\everyMPtoPDFconversion=\toks58
) (/usr/share/texlive/texmf-dist/tex/latex/oberdiek/epstopdf-base.sty
Package: epstopdf-base 2010/02/09 v2.5 Base part for package epstopdf

(/usr/share/texlive/texmf-dist/tex/latex/oberdiek/grfext.sty
Package: grfext 2010/08/19 v1.1 Manage graphics extensions (HO)
)
Package grfext Info: Graphics extension search list:
(grfext)             [.png,.pdf,.jpg,.mps,.jpeg,.jbig2,.jb2,.PNG,.PDF,.JPG,.JPE
G,.JBIG2,.JB2,.eps]
(grfext)             \AppendGraphicsExtensions on input line 452.

(/usr/share/texlive/texmf-dist/tex/latex/latexconfig/epstopdf-sys.cfg
File: epstopdf-sys.cfg 2010/07/13 v1.3 Configuration of (r)epstopdf for TeX Liv
e
))
\AtBeginShipoutBox=\box83
LaTeX Info: Redefining \it@ocap on input line 83.
LaTeX Info: Redefining \it@ccap on input line 83.


File italian.ldf warning: 
italian.ldf    With OT1 encoding guillemets are poorly faked
italian.ldf    Use T1 encoding
italian.ldf    or specify a font with command \CaporaliFrom
italian.ldf    See the documentation concerning the babel-italian typesetting 
italian.ldf    on input line 83.

Package caption Info: Begin \AtBeginDocument code.
Package caption Info: subfig package v1.3 is loaded.
Package caption Info: float package is loaded.
Package caption Info: hyperref package is loaded.
Package caption Info: listings package is loaded.
Package caption Info: End \AtBeginDocument code.
\c@lstlisting=\count278
*geometry* driver: auto-detecting
*geometry* detected driver: pdftex
*geometry* verbose mode - [ preamble ] result:
* driver: pdftex
* paper: a4paper
* layout: <same size as paper>
* layoutoffset:(h,v)=(0.0pt,0.0pt)
<<<<<<< HEAD
* modes: 
=======
* modes: twoside 
>>>>>>> c19796f244639ae6773a4ab1a275f8179b609258
* h-part:(L,W,R)=(99.58464pt, 398.3386pt, 99.58464pt)
* v-part:(T,H,B)=(99.58464pt, 645.87756pt, 99.58464pt)
* \paperwidth=597.50787pt
* \paperheight=845.04684pt
* \textwidth=398.3386pt
* \textheight=645.87756pt
* \oddsidemargin=27.31465pt
* \evensidemargin=27.31465pt
* \topmargin=-4.55914pt
* \headheight=12.0pt
* \headsep=19.8738pt
* \topskip=11.0pt
* \footskip=27.46295pt
* \marginparwidth=53.0pt
* \marginparsep=7.0pt
* \columnsep=10.0pt
* \skip\footins=10.0pt plus 4.0pt minus 2.0pt
* \hoffset=0.0pt
* \voffset=0.0pt
* \mag=1000
* \@twocolumnfalse
* \@twosidefalse
* \@mparswitchfalse
* \@reversemarginfalse
* (1in=72.27pt=25.4mm, 1cm=28.453pt)

(/usr/share/texlive/texmf-dist/tex/latex/ucs/ucsencs.def
File: ucsencs.def 2011/01/21 Fixes to fontencodings LGR, T3
)
Package hyperref Info: Link coloring OFF on input line 83.

(/usr/share/texlive/texmf-dist/tex/latex/hyperref/nameref.sty
Package: nameref 2012/10/27 v2.43 Cross-referencing by name of section

(/usr/share/texlive/texmf-dist/tex/generic/oberdiek/gettitlestring.sty
Package: gettitlestring 2010/12/03 v1.4 Cleanup title references (HO)
)
\c@section@level=\count279
)
LaTeX Info: Redefining \ref on input line 83.
LaTeX Info: Redefining \pageref on input line 83.
LaTeX Info: Redefining \nameref on input line 83.

(./main.out) (./main.out)
\@outlinefile=\write5
\openout5 = `main.out'.

 (./sections/copertina.tex
<main-frn.pdf, id=199, 597.50829pt x 845.0471pt>
File: main-frn.pdf Graphic file (type pdf)
 <use main-frn.pdf>
Package pdftex.def Info: main-frn.pdf used on input line 4.
(pdftex.def)             Requested size: 597.50682pt x 845.04504pt.
 [1


<<<<<<< HEAD
 <./main-frn.pdf{/var/lib/texmf/fonts/map/pdftex/updmap/pdftex.map}>]) (./main.
tocpdfTeX warning (ext4): destination with the same identifier (name{page.1}) h
as been already used, duplicate ignored
<to be read again> 
                   \relax 
l.29 ... Utilization System}{27}{subsection.3.2.1}
                                                   [1

] [2])
\tf@toc=\write6
\openout6 = `main.toc'.

=======
 <./main-frn.pdf{/var/lib/texmf/fonts/map/pdftex/updmap/pdftex.map}>]) [2] (./m
ain.toc
[3

] [4])
\tf@toc=\write6
\openout6 = `main.toc'.

 (./sections/1-introduzione.tex [5] [6
>>>>>>> c19796f244639ae6773a4ab1a275f8179b609258

(./sections/1-introduzione.tex [3]
Capitolo 1.
(/usr/share/texlive/texmf-dist/tex/latex/ucs/data/uni-0.def
File: uni-0.def 2013/05/13 UCS: Unicode data U+0000..U+00FF
<<<<<<< HEAD
) [4
=======
) [7] [8])
(./sections/2-stato_dellarte.tex [9] [10
>>>>>>> c19796f244639ae6773a4ab1a275f8179b609258

] [5])
(./sections/2-stato_dellarte.tex [6]
Capitolo 2.
<<<<<<< HEAD
[7

] [8] <pictures/botnet.png, id=358, 683.55376pt x 573.14125pt>
=======
[11] [12] <pictures/botnet.png, id=362, 683.55376pt x 573.14125pt>
>>>>>>> c19796f244639ae6773a4ab1a275f8179b609258
File: pictures/botnet.png Graphic file (type png)

<use pictures/botnet.png>
Package pdftex.def Info: pictures/botnet.png used on input line 57.
(pdftex.def)             Requested size: 273.41666pt x 229.25243pt.
<<<<<<< HEAD
 [9] [10 <./pictures/botnet.png>]
<pictures/zombielayer.png, id=389, 773.89125pt x 652.4375pt>
File: pictures/zombielayer.png Graphic file (type png)

<use pictures/zombielayer.png>
Package pdftex.def Info: pictures/zombielayer.png used on input line 91.
(pdftex.def)             Requested size: 278.60063pt x 234.87732pt.
 [11 <./pictures/zombielayer.png>] [12]
LaTeX Font Info:    Try loading font information for OMS+cmr on input line 119.
=======
 [13] [14 <./pictures/botnet.png>]
<pictures/zombielayer.png, id=383, 773.89125pt x 652.4375pt>
File: pictures/zombielayer.png Graphic file (type png)

<use pictures/zombielayer.png>
Package pdftex.def Info: pictures/zombielayer.png used on input line 102.
(pdftex.def)             Requested size: 309.55101pt x 260.97037pt.
 [15] [16 <./pictures/zombielayer.png>]
LaTeX Font Info:    Try loading font information for OMS+cmr on input line 130.
>>>>>>> c19796f244639ae6773a4ab1a275f8179b609258


(/usr/share/texlive/texmf-dist/tex/latex/base/omscmr.fd
File: omscmr.fd 2014/09/29 v2.5h Standard LaTeX font definitions
)
LaTeX Font Info:    Font shape `OMS/cmr/m/n' in size <10.95> not available
<<<<<<< HEAD
(Font)              Font shape `OMS/cmsy/m/n' tried instead on input line 119.

<pictures/IDS.png, id=422, 642.4pt x 675.52374pt>
File: pictures/IDS.png Graphic file (type png)
 <use pictures/IDS.png>
Package pdftex.def Info: pictures/IDS.png used on input line 132.
(pdftex.def)             Requested size: 256.95544pt x 270.20471pt.

[13] [14 <./pictures/IDS.png>] [15] [16]
Overfull \hbox (12.34802pt too wide) in paragraph at lines 192--193
[]\OT1/cmr/bx/n/10.95 Reinforced lear-ning \OT1/cmr/m/n/10.95 Pa-ra-dig-ma che 
si ba-sa sul prin-ci-pio dell'\OT1/cmr/m/it/10.95 esplorazione\OT1/cmr/m/n/10.9
5 .
 []

[17]
<pictures/apprendimentosupervisionato.png, id=496, 492.84125pt x 242.9075pt>
=======
(Font)              Font shape `OMS/cmsy/m/n' tried instead on input line 130.

<pictures/IDS.png, id=403, 642.4pt x 675.52374pt>
File: pictures/IDS.png Graphic file (type png)
 <use pictures/IDS.png>
Package pdftex.def Info: pictures/IDS.png used on input line 143.
(pdftex.def)             Requested size: 256.95544pt x 270.20471pt.

[17] [18 <./pictures/IDS.png>] [19] [20] [21]
<pictures/apprendimentosupervisionato.png, id=456, 492.84125pt x 242.9075pt>
>>>>>>> c19796f244639ae6773a4ab1a275f8179b609258
File: pictures/apprendimentosupervisionato.png Graphic file (type png)

<use pictures/apprendimentosupervisionato.png>
Package pdftex.def Info: pictures/apprendimentosupervisionato.png used on input
<<<<<<< HEAD
 line 211.
(pdftex.def)             Requested size: 246.42001pt x 121.45345pt.

<pictures/retineurali.png, id=498, 905.3825pt x 252.945pt>
File: pictures/retineurali.png Graphic file (type png)

<use pictures/retineurali.png>
Package pdftex.def Info: pictures/retineurali.png used on input line 224.
(pdftex.def)             Requested size: 271.61684pt x 75.88408pt.
 [18 <./pictures/apprendimentosupervisionato.png>] [19 <./pictures/retineurali.
png>]
<pictures/k-means1.png, id=521, 865.2325pt x 704.6325pt>
File: pictures/k-means1.png Graphic file (type png)

<use pictures/k-means1.png>
Package pdftex.def Info: pictures/k-means1.png used on input line 274.
(pdftex.def)             Requested size: 259.57175pt x 211.39139pt.
 [20]
<pictures/k-means2.png, id=531, 865.2325pt x 704.6325pt>
File: pictures/k-means2.png Graphic file (type png)

<use pictures/k-means2.png>
Package pdftex.def Info: pictures/k-means2.png used on input line 285.
(pdftex.def)             Requested size: 259.57175pt x 211.39139pt.
 [21 <./pictures/k-means1.png> <./pictures/k-means2.png>] <pictures/k-means3.pn
g, id=541, 865.2325pt x 704.6325pt>
File: pictures/k-means3.png Graphic file (type png)

<use pictures/k-means3.png>
Package pdftex.def Info: pictures/k-means3.png used on input line 294.
(pdftex.def)             Requested size: 259.57175pt x 211.39139pt.

<pictures/k-means4.png, id=542, 1059.96pt x 961.5925pt>
File: pictures/k-means4.png Graphic file (type png)

<use pictures/k-means4.png>
Package pdftex.def Info: pictures/k-means4.png used on input line 303.
(pdftex.def)             Requested size: 317.99045pt x 288.47997pt.
 [22 <./pictures/k-means3.png>] [23 <./pictures/k-means4.png>]) (./sections/3-a
nalisi_del_problema.tex [24]
Capitolo 3.
[25

] [26] <pictures/netflowgraph.png, id=588, 684.5575pt x 502.87875pt>
=======
 line 223.
(pdftex.def)             Requested size: 246.42001pt x 121.45345pt.
 [22 <./pictures/apprendimentosupervisionato.png>] [23]
<pictures/k-means1.png, id=477, 865.2325pt x 704.6325pt>
File: pictures/k-means1.png Graphic file (type png)

<use pictures/k-means1.png>
Package pdftex.def Info: pictures/k-means1.png used on input line 271.
(pdftex.def)             Requested size: 259.57175pt x 211.39139pt.

<pictures/k-means2.png, id=479, 865.2325pt x 704.6325pt>
File: pictures/k-means2.png Graphic file (type png)

<use pictures/k-means2.png>
Package pdftex.def Info: pictures/k-means2.png used on input line 282.
(pdftex.def)             Requested size: 259.57175pt x 211.39139pt.
 [24 <./pictures/k-means1.png>]
<pictures/k-means3.png, id=490, 865.2325pt x 704.6325pt>
File: pictures/k-means3.png Graphic file (type png)

<use pictures/k-means3.png>
Package pdftex.def Info: pictures/k-means3.png used on input line 291.
(pdftex.def)             Requested size: 259.57175pt x 211.39139pt.

<pictures/k-means4.png, id=491, 1059.96pt x 961.5925pt>
File: pictures/k-means4.png Graphic file (type png)

<use pictures/k-means4.png>
Package pdftex.def Info: pictures/k-means4.png used on input line 300.
(pdftex.def)             Requested size: 317.99045pt x 288.47997pt.
 [25 <./pictures/k-means2.png> <./pictures/k-means3.png>] [26 <./pictures/k-mea
ns4.png>]) (./sections/3-analisi_del_problema.tex
[27] [28

]
Capitolo 3.
[29] <pictures/netflowgraph.png, id=530, 684.5575pt x 502.87875pt>
>>>>>>> c19796f244639ae6773a4ab1a275f8179b609258
File: pictures/netflowgraph.png Graphic file (type png)

<use pictures/netflowgraph.png>
Package pdftex.def Info: pictures/netflowgraph.png used on input line 45.
(pdftex.def)             Requested size: 342.27791pt x 251.43875pt.
<<<<<<< HEAD

<pictures/netflowexporter.png, id=590, 854.19125pt x 447.6725pt>
=======
 [30]
<pictures/netflowexporter.png, id=539, 854.19125pt x 447.6725pt>
>>>>>>> c19796f244639ae6773a4ab1a275f8179b609258
File: pictures/netflowexporter.png Graphic file (type png)

<use pictures/netflowexporter.png>
Package pdftex.def Info: pictures/netflowexporter.png used on input line 65.
(pdftex.def)             Requested size: 427.09459pt x 223.8357pt.

Overfull \hbox (28.756pt too wide) in paragraph at lines 65--66
 [][] 
 []

<<<<<<< HEAD
[27 <./pictures/netflowgraph.png>]
<pictures/netflowreport.jpg, id=600, 702.625pt x 398.48875pt>
=======
[31 <./pictures/netflowgraph.png>]
<pictures/netflowreport.jpg, id=549, 702.625pt x 398.48875pt>
>>>>>>> c19796f244639ae6773a4ab1a275f8179b609258
File: pictures/netflowreport.jpg Graphic file (type jpg)

<use pictures/netflowreport.jpg>
Package pdftex.def Info: pictures/netflowreport.jpg used on input line 84.
(pdftex.def)             Requested size: 351.31163pt x 199.24388pt.
<<<<<<< HEAD
 [28 <./pictures/netflowexporter.png>] [29 <./pictures/netflowreport.jpg>]
=======
 [32 <./pictures/netflowexporter.png>]
Overfull \hbox (6.24457pt too wide) has occurred while \output is active
\OT1/cmr/m/sl/10.95 3.2.  STRUMENTI DI MONITORAGGIO E ANALISI DEL TRAFFICO DI R
ETE \OT1/cmr/m/n/10.95 33
 []

[33 <./pictures/netflowreport.jpg>]
>>>>>>> c19796f244639ae6773a4ab1a275f8179b609258
LaTeX Font Info:    Try loading font information for OML+cmr on input line 122.


(/usr/share/texlive/texmf-dist/tex/latex/base/omlcmr.fd
File: omlcmr.fd 2014/09/29 v2.5h Standard LaTeX font definitions
)
LaTeX Font Info:    Font shape `OML/cmr/m/n' in size <10.95> not available
(Font)              Font shape `OML/cmm/m/it' tried instead on input line 122.
<<<<<<< HEAD
 [30] [31]
<pictures/archslips.png, id=635, 1612.0225pt x 1069.9975pt>
File: pictures/archslips.png Graphic file (type png)

<use pictures/archslips.png>
Package pdftex.def Info: pictures/archslips.png used on input line 193.
(pdftex.def)             Requested size: 386.89331pt x 256.80464pt.
 [32]
=======
 [34]
Overfull \hbox (6.24457pt too wide) has occurred while \output is active
\OT1/cmr/m/sl/10.95 3.2.  STRUMENTI DI MONITORAGGIO E ANALISI DEL TRAFFICO DI R
ETE \OT1/cmr/m/n/10.95 35
 []

[35] <pictures/archslips.png, id=581, 592.2125pt x 571.13374pt>
File: pictures/archslips.png Graphic file (type png)

<use pictures/archslips.png>
Package pdftex.def Info: pictures/archslips.png used on input line 195.
(pdftex.def)             Requested size: 236.8808pt x 228.44945pt.
 [36]
>>>>>>> c19796f244639ae6773a4ab1a275f8179b609258
(/usr/share/texlive/texmf-dist/tex/latex/listings/lstlang1.sty
File: lstlang1.sty 2015/06/04 1.6 listings language file
)
(/usr/share/texlive/texmf-dist/tex/latex/listings/lstlang1.sty
File: lstlang1.sty 2015/06/04 1.6 listings language file
)
LaTeX Font Info:    Font shape `OMS/cmr/m/n' in size <9> not available
<<<<<<< HEAD
(Font)              Font shape `OMS/cmsy/m/n' tried instead on input line 207.
 [33 <./pictures/archslips.png>]
<pictures/modello-comportamentale.png, id=652, 752.8125pt x 396.48125pt>
=======
(Font)              Font shape `OMS/cmsy/m/n' tried instead on input line 209.
 [37 <./pictures/archslips.png>]
<pictures/modello-comportamentale.png, id=600, 752.8125pt x 396.48125pt>
>>>>>>> c19796f244639ae6773a4ab1a275f8179b609258
File: pictures/modello-comportamentale.png Graphic file (type png)

<use pictures/modello-comportamentale.png>
Package pdftex.def Info: pictures/modello-comportamentale.png used on input lin
e 217.
(pdftex.def)             Requested size: 376.40532pt x 198.24013pt.
<<<<<<< HEAD
 [34 <./pictures/modello-comportamentale.png>] <pictures/folderstructure.png, i
d=664, 352.31625pt x 382.42876pt>
File: pictures/folderstructure.png Graphic file (type png)

<use pictures/folderstructure.png>
Package pdftex.def Info: pictures/folderstructure.png used on input line 243.
(pdftex.def)             Requested size: 176.15768pt x 191.2139pt.
 [35 <./pictures/folderstructure.png>])
(./sections/4-soluzione_proposta.tex [36]
Capitolo 4.
<pictures/starttime.png, id=680, 1210.5225pt x 427.5975pt>
=======
 [38 <./pictures/modello-comportamentale.png>] (/usr/share/texlive/texmf-dist/t
ex/latex/listings/lstlang1.sty
File: lstlang1.sty 2015/06/04 1.6 listings language file
)
(./slips.py) (./slips2.py [39])
<pictures/folderstructure.png, id=642, 352.31625pt x 382.42876pt>
File: pictures/folderstructure.png Graphic file (type png)

<use pictures/folderstructure.png>
Package pdftex.def Info: pictures/folderstructure.png used on input line 262.
(pdftex.def)             Requested size: 176.15768pt x 191.2139pt.
 [40]) (./sections/4-soluzione_proposta.tex
[41 <./pictures/folderstructure.png>] [42

]
Capitolo 4.
<pictures/starttime.png, id=668, 1210.5225pt x 427.5975pt>
>>>>>>> c19796f244639ae6773a4ab1a275f8179b609258
File: pictures/starttime.png Graphic file (type png)

<use pictures/starttime.png>
Package pdftex.def Info: pictures/starttime.png used on input line 14.
(pdftex.def)             Requested size: 387.3751pt x 136.83398pt.
<<<<<<< HEAD
 [37

]
<pictures/duration.png, id=687, 1210.5225pt x 427.5975pt>
=======
 [43]
<pictures/duration.png, id=676, 1210.5225pt x 427.5975pt>
>>>>>>> c19796f244639ae6773a4ab1a275f8179b609258
File: pictures/duration.png Graphic file (type png)

<use pictures/duration.png>
Package pdftex.def Info: pictures/duration.png used on input line 23.
(pdftex.def)             Requested size: 399.47366pt x 141.1076pt.

Overfull \hbox (1.13507pt too wide) in paragraph at lines 23--24
 [][] 
 []

<<<<<<< HEAD
<pictures/protocol.png, id=689, 708.6475pt x 427.5975pt>
=======
<pictures/protocol.png, id=678, 708.6475pt x 427.5975pt>
>>>>>>> c19796f244639ae6773a4ab1a275f8179b609258
File: pictures/protocol.png Graphic file (type png)

<use pictures/protocol.png>
Package pdftex.def Info: pictures/protocol.png used on input line 32.
(pdftex.def)             Requested size: 233.8544pt x 141.1076pt.
<<<<<<< HEAD
 [38 <./pictures/starttime.png> <./pictures/duration.png>] (/usr/share/texlive/
texmf-dist/tex/latex/listings/lstlang1.sty
File: lstlang1.sty 2015/06/04 1.6 listings language file
)
(./singlecore.py) [39 <./pictures/protocol.png>]
<pictures/direction.png, id=718, 728.7225pt x 427.5975pt>
=======
 [44 <./pictures/starttime.png> <./pictures/duration.png>] (./singlecore.py) [4
5 <./pictures/protocol.png>]
<pictures/direction.png, id=707, 728.7225pt x 427.5975pt>
>>>>>>> c19796f244639ae6773a4ab1a275f8179b609258
File: pictures/direction.png Graphic file (type png)

<use pictures/direction.png>
Package pdftex.def Info: pictures/direction.png used on input line 54.
(pdftex.def)             Requested size: 262.33989pt x 153.93498pt.

<<<<<<< HEAD
<pictures/state.png, id=720, 929.4725pt x 447.6725pt>
=======
<pictures/state.png, id=709, 929.4725pt x 447.6725pt>
>>>>>>> c19796f244639ae6773a4ab1a275f8179b609258
File: pictures/state.png Graphic file (type png)
 <use pictures/state.png>
Package pdftex.def Info: pictures/state.png used on input line 67.
(pdftex.def)             Requested size: 334.60985pt x 161.16197pt.

<<<<<<< HEAD
[40 <./pictures/direction.png>]
<pictures/totpkts.png, id=729, 1148.29pt x 427.5975pt>
=======
[46 <./pictures/direction.png>]
<pictures/totpkts.png, id=718, 1148.29pt x 427.5975pt>
>>>>>>> c19796f244639ae6773a4ab1a275f8179b609258
File: pictures/totpkts.png Graphic file (type png)

<use pictures/totpkts.png>
Package pdftex.def Info: pictures/totpkts.png used on input line 77.
(pdftex.def)             Requested size: 413.38408pt x 153.93498pt.

Overfull \hbox (15.04549pt too wide) in paragraph at lines 77--78
 [][] 
 []

<<<<<<< HEAD
[41 <./pictures/state.png>]
<pictures/totbytes.png, id=738, 1148.29pt x 427.5975pt>
=======
[47 <./pictures/state.png>]
<pictures/totbytes.png, id=727, 1148.29pt x 427.5975pt>
>>>>>>> c19796f244639ae6773a4ab1a275f8179b609258
File: pictures/totbytes.png Graphic file (type png)

<use pictures/totbytes.png>
Package pdftex.def Info: pictures/totbytes.png used on input line 85.
(pdftex.def)             Requested size: 413.38408pt x 153.93498pt.

Overfull \hbox (15.04549pt too wide) in paragraph at lines 85--86
 [][] 
 []

<<<<<<< HEAD
[42 <./pictures/totpkts.png> <./pictures/totbytes.png>]
<pictures/lettura.png, id=749, 1349.04pt x 847.165pt>
=======
[48 <./pictures/totpkts.png> <./pictures/totbytes.png>]
<pictures/lettura.png, id=737, 1349.04pt x 847.165pt>
>>>>>>> c19796f244639ae6773a4ab1a275f8179b609258
File: pictures/lettura.png Graphic file (type png)

<use pictures/lettura.png>
Package pdftex.def Info: pictures/lettura.png used on input line 104.
(pdftex.def)             Requested size: 404.71512pt x 254.15146pt.

Overfull \hbox (6.37653pt too wide) in paragraph at lines 104--105
 [][] 
 []

Package hyperref Info: bookmark level for unknown algorithm defaults to 0 on in
put line 111.

Underfull \hbox (badness 10000) in paragraph at lines 113--114

 []

<<<<<<< HEAD
[43 <./pictures/lettura.png>]
<pictures/letturarighe.png, id=762, 1270.7475pt x 1429.34pt>
=======
[49 <./pictures/lettura.png>]
<pictures/letturarighe.png, id=752, 1270.7475pt x 1429.34pt>
>>>>>>> c19796f244639ae6773a4ab1a275f8179b609258
File: pictures/letturarighe.png Graphic file (type png)

<use pictures/letturarighe.png>
Package pdftex.def Info: pictures/letturarighe.png used on input line 131.
(pdftex.def)             Requested size: 343.10641pt x 385.92696pt.
<<<<<<< HEAD
 [44]
<pictures/conversioneschema.png, id=776, 706.64pt x 264.99pt>
=======
 [50]
<pictures/conversioneschema.png, id=765, 706.64pt x 264.99pt>
>>>>>>> c19796f244639ae6773a4ab1a275f8179b609258
File: pictures/conversioneschema.png Graphic file (type png)

<use pictures/conversioneschema.png>
Package pdftex.def Info: pictures/conversioneschema.png used on input line 156.

(pdftex.def)             Requested size: 190.79535pt x 71.54825pt.
<<<<<<< HEAD
 [45 <./pictures/letturarighe.png>]
<pictures/conversionetonprobe.png, id=784, 1274.7625pt x 1373.13pt>
=======
 [51 <./pictures/letturarighe.png>]
<pictures/conversionetonprobe.png, id=773, 1274.7625pt x 1373.13pt>
>>>>>>> c19796f244639ae6773a4ab1a275f8179b609258
File: pictures/conversionetonprobe.png Graphic file (type png)

<use pictures/conversionetonprobe.png>
Package pdftex.def Info: pictures/conversionetonprobe.png used on input line 17
9.
(pdftex.def)             Requested size: 344.19048pt x 370.75006pt.
<<<<<<< HEAD
 [46 <./pictures/conversioneschema.png>]
<pictures/soluzioneproposta.png, id=795, 1133.23375pt x 842.14626pt>
=======
 [52 <./pictures/conversioneschema.png>]
<pictures/soluzioneproposta.png, id=784, 1133.23375pt x 842.14626pt>
>>>>>>> c19796f244639ae6773a4ab1a275f8179b609258
File: pictures/soluzioneproposta.png Graphic file (type png)

<use pictures/soluzioneproposta.png>
Package pdftex.def Info: pictures/soluzioneproposta.png used on input line 199.

(pdftex.def)             Requested size: 396.63776pt x 294.7556pt.
<<<<<<< HEAD
 [47 <./pictures/conversionetonprobe.png>]
[48 <./pictures/soluzioneproposta.png>] [49] [50]
<pictures/hydra.png, id=821, 1788.6825pt x 1168.365pt>
=======
 [53 <./pictures/conversionetonprobe.png>]
[54 <./pictures/soluzioneproposta.png>] [55] [56]
<pictures/hydra.png, id=810, 1788.6825pt x 1168.365pt>
>>>>>>> c19796f244639ae6773a4ab1a275f8179b609258
File: pictures/hydra.png Graphic file (type png)

<use pictures/hydra.png>
Package pdftex.def Info: pictures/hydra.png used on input line 285.
(pdftex.def)             Requested size: 393.51137pt x 257.04109pt.
<<<<<<< HEAD
 [51] [52 <./pictures/hydra.png>] (./slips.py)
(./slips2.py [53])) (./sections/5-esperimenti.tex [54]
Capitolo 5.
[55

] [56]
=======
 [57]) (./sections/5-esperimenti.tex [58 <./pictures/hydra.png>]
Capitolo 5.
[59

] [60]
>>>>>>> c19796f244639ae6773a4ab1a275f8179b609258
Underfull \hbox (badness 10000) in paragraph at lines 89--89

 []


Package hyperref Warning: Token not allowed in a PDF string (PDFDocEncoding):
(hyperref)                removing `\\' on input line 89.

<<<<<<< HEAD
<pictures/homestf.png, id=928, 901.3675pt x 348.30125pt>
=======
<pictures/homestf.png, id=873, 901.3675pt x 348.30125pt>
>>>>>>> c19796f244639ae6773a4ab1a275f8179b609258
File: pictures/homestf.png Graphic file (type png)

<use pictures/homestf.png>
Package pdftex.def Info: pictures/homestf.png used on input line 99.
(pdftex.def)             Requested size: 360.5406pt x 139.31802pt.
<<<<<<< HEAD
 [57] [58 <./pictures/homestf.png>] [59]
<pictures/graph1.png, id=965, 578.16pt x 433.62pt>
=======
 [61] [62 <./pictures/homestf.png>]
<pictures/graph1.png, id=904, 578.16pt x 433.62pt>
>>>>>>> c19796f244639ae6773a4ab1a275f8179b609258
File: pictures/graph1.png Graphic file (type png)
 <use pictures/graph1.png>
Package pdftex.def Info: pictures/graph1.png used on input line 168.
(pdftex.def)             Requested size: 404.70924pt x 303.53192pt.

Overfull \hbox (6.37065pt too wide) in paragraph at lines 168--169
 [][] 
 []

<<<<<<< HEAD
[60 <./pictures/graph1.png>]
<pictures/graph2.png, id=972, 578.16pt x 433.62pt>
=======
[63] [64 <./pictures/graph1.png>]
<pictures/graph2.png, id=917, 578.16pt x 433.62pt>
>>>>>>> c19796f244639ae6773a4ab1a275f8179b609258
File: pictures/graph2.png Graphic file (type png)
 <use pictures/graph2.png>
Package pdftex.def Info: pictures/graph2.png used on input line 194.
(pdftex.def)             Requested size: 404.70924pt x 303.53192pt.

Overfull \hbox (6.37065pt too wide) in paragraph at lines 194--195
 [][] 
 []

<<<<<<< HEAD
[61 <./pictures/graph2.png>]
<pictures/graph3.png, id=979, 578.16pt x 433.62pt>
=======
<pictures/graph3.png, id=919, 578.16pt x 433.62pt>
>>>>>>> c19796f244639ae6773a4ab1a275f8179b609258
File: pictures/graph3.png Graphic file (type png)
 <use pictures/graph3.png>
Package pdftex.def Info: pictures/graph3.png used on input line 216.
(pdftex.def)             Requested size: 404.70924pt x 303.53192pt.

Overfull \hbox (6.37065pt too wide) in paragraph at lines 216--217
 [][] 
 []

<<<<<<< HEAD
[62 <./pictures/graph3.png>]
<pictures/graph4.png, id=986, 578.16pt x 433.62pt>
=======
[65 <./pictures/graph2.png>] [66 <./pictures/graph3.png>]
<pictures/graph4.png, id=931, 578.16pt x 433.62pt>
>>>>>>> c19796f244639ae6773a4ab1a275f8179b609258
File: pictures/graph4.png Graphic file (type png)
 <use pictures/graph4.png>
Package pdftex.def Info: pictures/graph4.png used on input line 240.
(pdftex.def)             Requested size: 404.70924pt x 303.53192pt.

Overfull \hbox (6.37065pt too wide) in paragraph at lines 240--241
 [][] 
 []

<<<<<<< HEAD
[63 <./pictures/graph4.png>]
<pictures/conversion.png, id=993, 623.32875pt x 81.30376pt>
=======
[67 <./pictures/graph4.png>]
<pictures/conversion.png, id=939, 623.32875pt x 81.30376pt>
>>>>>>> c19796f244639ae6773a4ab1a275f8179b609258
File: pictures/conversion.png Graphic file (type png)

<use pictures/conversion.png>
Package pdftex.def Info: pictures/conversion.png used on input line 254.
(pdftex.def)             Requested size: 311.6636pt x 40.65176pt.

<<<<<<< HEAD
<pictures/slips.png, id=997, 610.28pt x 485.815pt>
File: pictures/slips.png Graphic file (type png)
 <use pictures/slips.png>
Package pdftex.def Info: pictures/slips.png used on input line 270.
(pdftex.def)             Requested size: 244.10767pt x 194.32256pt.

[64 <./pictures/conversion.png>]
File: pictures/slips.png Graphic file (type png)
 <use pictures/slips.png>
Package pdftex.def Info: pictures/slips.png used on input line 278.
(pdftex.def)             Requested size: 244.10767pt x 194.32256pt.
)
(./sections/6-conclusioni.tex [65 <./pictures/slips.png>]
Capitolo 6.
[66

]) (./main.bbl [67]
=======
<pictures/slips.png, id=942, 610.28pt x 485.815pt>
File: pictures/slips.png Graphic file (type png)
 <use pictures/slips.png>
Package pdftex.def Info: pictures/slips.png used on input line 268.
(pdftex.def)             Requested size: 305.13925pt x 242.9069pt.

[68 <./pictures/conversion.png>]) (./sections/6-conclusioni.tex [69 <./pictures
/slips.png>] [70

]
Capitolo 6.
[71]) (./main.bbl [72]
>>>>>>> c19796f244639ae6773a4ab1a275f8179b609258
Underfull \hbox (badness 1655) in paragraph at lines 7--9
[]\OT1/cmr/m/n/10.95 Alpha soft-ware de-fi-ni-tion.  []$\OT1/cmtt/m/n/10.95 htt
ps : / / techterms . com / definition / alpha _
 []


Underfull \hbox (badness 10000) in paragraph at lines 11--15
[]\OT1/cmr/m/n/10.95 Anatomy of a bot-net.  []$\OT1/cmtt/m/n/10.95 https : / / 
web . archive . org / web /
 []


Underfull \hbox (badness 10000) in paragraph at lines 11--15
\OT1/cmtt/m/n/10.95 20170201233855 / https : / / www . scribd . com / document 
/ 179124526 /
 []

(/usr/share/texlive/texmf-dist/tex/latex/ucs/data/uni-32.def
File: uni-32.def 2013/05/13 UCS: Unicode data U+2000..U+20FF
)
Underfull \hbox (badness 5741) in paragraph at lines 26--29
[]\OT1/cmr/m/n/10.95 Argus { au-dit re-cord ge-ne-ra-tion and uti-li-za-tion sy
-stem.  []$\OT1/cmtt/m/n/10.95 https :
 []


<<<<<<< HEAD
Underfull \hbox (badness 10000) in paragraph at lines 26--29
\OT1/cmtt/m/n/10.95 / / en . wikipedia . org / wiki / Argus _ %E2 % 80 % 93 _ A
udit _ Record _ Generation _
 []


Underfull \hbox (badness 3108) in paragraph at lines 31--34
[]\OT1/cmr/m/n/10.95 Atis te-le-com glos-sa-ry - au-dit trail.  []$\OT1/cmtt/m/
n/10.95 https : / / web . archive . org / web /
 []


Underfull \hbox (badness 10000) in paragraph at lines 31--34
=======
Underfull \hbox (badness 3536) in paragraph at lines 17--21
[]\OT1/cmr/m/n/10.95 Apple ex-plains 'hey si-ri' spea-ker re-co-gni-tion in la-
te-st ma-chi-ne lear-
 []


Underfull \hbox (badness 2285) in paragraph at lines 17--21
\OT1/cmr/m/n/10.95 ning jour-nal up-da-te.  []$\OT1/cmtt/m/n/10.95 https : / / 
appleinsider . com / articles / 18 / 04 / 16 /
 []


Overfull \hbox (121.3499pt too wide) in paragraph at lines 17--21
\OT1/cmtt/m/n/10.95 apple-[]explains-[]hey-[]siri-[]speaker-[]recognition-[]in-
[]latest-[]machine-[]learning-[]journal-[]update$[]\OT1/cmr/m/n/10.95 . 
 []


Underfull \hbox (badness 3108) in paragraph at lines 27--30
[]\OT1/cmr/m/n/10.95 Atis te-le-com glos-sa-ry - au-dit trail.  []$\OT1/cmtt/m/
n/10.95 https : / / web . archive . org / web /
 []


Underfull \hbox (badness 10000) in paragraph at lines 27--30
>>>>>>> c19796f244639ae6773a4ab1a275f8179b609258
\OT1/cmtt/m/n/10.95 20130313232104 / http : / / www . atis . org / glossary / d
efinition . aspx ? id =
 []


Underfull \hbox (badness 10000) in paragraph at lines 44--47
[]\OT1/cmr/m/n/10.95 Comparison of ma-chi-ne lear-ning tech-ni-ques in email
 []


Underfull \hbox (badness 10000) in paragraph at lines 44--47
\OT1/cmr/m/n/10.95 spam de-tec-tion.  []$\OT1/cmtt/m/n/10.95 https : / / dev . 
to / matchilling /
 []


<<<<<<< HEAD
Overfull \hbox (4.87614pt too wide) in paragraph at lines 44--47
=======
Overfull \hbox (40.36827pt too wide) in paragraph at lines 36--39
>>>>>>> c19796f244639ae6773a4ab1a275f8179b609258
\OT1/cmtt/m/n/10.95 comparison-[]of-[]machine-[]learning-[]techniques-[]in-[]em
ail-[]spam-[]detection$[]\OT1/cmr/m/n/10.95 . 
 []

<<<<<<< HEAD
[68

]
Underfull \hbox (badness 6236) in paragraph at lines 66--70
[]\OT1/cmr/m/n/10.95 Google as-si-stant and ar-ti-fi-cial in-tel-li-gen-ce { th
e fu-tu-re of si-mu-la-
 []


Underfull \hbox (badness 10000) in paragraph at lines 66--70
\OT1/cmr/m/n/10.95 ted com-mu-ni-ca-tion.  []$\OT1/cmtt/m/n/10.95 https : / / c
ampaignsoftheworld . com / digital /
 []


Underfull \hbox (badness 10000) in paragraph at lines 80--82
[]\OT1/cmr/m/n/10.95 Inside the in-fa-mous mi-rai iot bot-net: A re-tro-spec-ti
-ve ana-ly-sis.
 []


Underfull \hbox (badness 10000) in paragraph at lines 84--87
[]\OT1/cmr/m/n/10.95 Intrusion de-tec-tion and pre-ven-tion: Mo-re than a fi-
 []


Underfull \hbox (badness 10000) in paragraph at lines 84--87
\OT1/cmr/m/n/10.95 rewall.  []$\OT1/cmtt/m/n/10.95 https : / / searchcio . tech
target . com / tip /
 []


Underfull \hbox (badness 10000) in paragraph at lines 89--92
=======
(/usr/share/texlive/texmf-dist/tex/latex/ucs/data/uni-32.def
File: uni-32.def 2013/05/13 UCS: Unicode data U+2000..U+20FF
)
Underfull \hbox (badness 6236) in paragraph at lines 58--62
[]\OT1/cmr/m/n/10.95 Google as-si-stant and ar-ti-fi-cial in-tel-li-gen-ce { th
e fu-tu-re of si-mu-la-
 []


Underfull \hbox (badness 10000) in paragraph at lines 58--62
\OT1/cmr/m/n/10.95 ted com-mu-ni-ca-tion.  []$\OT1/cmtt/m/n/10.95 https : / / c
ampaignsoftheworld . com / digital /
 []

[73

]
Underfull \hbox (badness 10000) in paragraph at lines 72--75
>>>>>>> c19796f244639ae6773a4ab1a275f8179b609258
[]\OT1/cmr/m/n/10.95 Machine lear-ning in prac-ti-ce: How does ama-zon's ale-xa
 real-ly
 []


<<<<<<< HEAD
Underfull \hbox (badness 10000) in paragraph at lines 89--92
=======
Underfull \hbox (badness 10000) in paragraph at lines 72--75
>>>>>>> c19796f244639ae6773a4ab1a275f8179b609258
\OT1/cmr/m/n/10.95 work?  []$\OT1/cmtt/m/n/10.95 https : / / www . forbes . com
 / sites / bernardmarr / 2018 / 10 / 05 /
 []


<<<<<<< HEAD
Underfull \hbox (badness 10000) in paragraph at lines 94--97
=======
Underfull \hbox (badness 10000) in paragraph at lines 77--80
>>>>>>> c19796f244639ae6773a4ab1a275f8179b609258
[]\OT1/cmr/m/n/10.95 Making fa-cial re-co-gni-tion smar-ter with ar-ti-fi-cial 
in-tel-li-gen-
 []


<<<<<<< HEAD
Underfull \hbox (badness 10000) in paragraph at lines 94--97
=======
Underfull \hbox (badness 10000) in paragraph at lines 77--80
>>>>>>> c19796f244639ae6773a4ab1a275f8179b609258
\OT1/cmr/m/n/10.95 ce.  []$\OT1/cmtt/m/n/10.95 https : / / www . forbes . com /
 sites / jenniferhicks / 2018 / 09 / 30 /
 []


<<<<<<< HEAD
Underfull \hbox (badness 10000) in paragraph at lines 94--97
=======
Underfull \hbox (badness 10000) in paragraph at lines 77--80
>>>>>>> c19796f244639ae6773a4ab1a275f8179b609258
\OT1/cmtt/m/n/10.95 making-[]facial-[]recognition-[]smarter-[]with-[]artificial
-[]intelligence /
 []


<<<<<<< HEAD
Underfull \hbox (badness 10000) in paragraph at lines 110--113
[]\OT1/cmr/m/n/10.95 Mcafee: due so-le bot-net per (qua-si) tut-to lo spam
 []


Underfull \hbox (badness 10000) in paragraph at lines 110--113
\OT1/cmr/m/n/10.95 del mon-do.  []$\OT1/cmtt/m/n/10.95 https : / / www . punto-
[]informatico . it /
 []

[69]
Underfull \hbox (badness 5908) in paragraph at lines 147--149
=======
Underfull \hbox (badness 7012) in paragraph at lines 93--95
[]\OT1/cmr/m/n/10.95 Netflow and pcap (not or).  []$\OT1/cmtt/m/n/10.95 https :
 / / blogs . cisco . com / security /
 []


Underfull \hbox (badness 5908) in paragraph at lines 125--127
>>>>>>> c19796f244639ae6773a4ab1a275f8179b609258
[]\OT1/cmr/m/n/10.95 Sicurezza: Vi-rus, worm, tro-jan...  []$\OT1/cmtt/m/n/10.9
5 http : / / www . bloomriot . org / 91 /
 []

<<<<<<< HEAD

Underfull \hbox (badness 7064) in paragraph at lines 172--174
=======
[74]
Underfull \hbox (badness 7064) in paragraph at lines 146--148
>>>>>>> c19796f244639ae6773a4ab1a275f8179b609258
[]\OT1/cmr/m/n/10.95 Stratosphere ips for li-nux.  []$\OT1/cmtt/m/n/10.95 https
 : / / github . com / stratosphereips /
 []


<<<<<<< HEAD
Underfull \hbox (badness 10000) in paragraph at lines 176--179
=======
Underfull \hbox (badness 10000) in paragraph at lines 150--153
>>>>>>> c19796f244639ae6773a4ab1a275f8179b609258
[]\OT1/cmr/m/n/10.95 Stratosphere li-nux ips la-te-st com-mit.  []$\OT1/cmtt/m/
n/10.95 https : / /
 []


<<<<<<< HEAD
Underfull \hbox (badness 10000) in paragraph at lines 176--179
=======
Underfull \hbox (badness 10000) in paragraph at lines 150--153
>>>>>>> c19796f244639ae6773a4ab1a275f8179b609258
\OT1/cmtt/m/n/10.95 github . com / stratosphereips / StratosphereLinuxIPS / tre
e /
 []


<<<<<<< HEAD
Underfull \hbox (badness 10000) in paragraph at lines 196--199
[]\OT1/cmr/m/n/10.95 Video ad fraud bot-net bags up to 1.3 mil-
 []


Underfull \hbox (badness 10000) in paragraph at lines 196--199
\OT1/cmr/m/n/10.95 lion dai-ly.  []$\OT1/cmtt/m/n/10.95 https : / / www . banki
nfosecurity . com /
 []


Underfull \hbox (badness 1418) in paragraph at lines 205--208
=======
Underfull \hbox (badness 1418) in paragraph at lines 170--173
>>>>>>> c19796f244639ae6773a4ab1a275f8179b609258
[]\OT1/cmr/m/n/10.95 What is a tro-jan vi-rus? - de-fi-ni-tion.  []$\OT1/cmtt/m
/n/10.95 https : / / usa . kaspersky . com /
 []


<<<<<<< HEAD
Underfull \hbox (badness 10000) in paragraph at lines 210--212
=======
Underfull \hbox (badness 10000) in paragraph at lines 175--177
>>>>>>> c19796f244639ae6773a4ab1a275f8179b609258
[]\OT1/cmr/m/n/10.95 What is spy-ware? - de-fi-ni-tion.  []$\OT1/cmtt/m/n/10.95
 https : / / www . kaspersky . com /
 []

<<<<<<< HEAD
[70]
Underfull \hbox (badness 10000) in paragraph at lines 227--231
[]\OT1/cmr/m/n/10.95 \mining" bot-ne-ts are back - in-fec-ting thou-sands of pc
s, ge-
 []


Underfull \hbox (badness 10000) in paragraph at lines 227--231
\OT1/cmr/m/n/10.95 ne-ra-ting hun-dreds of thou-sands of dol-lars for cri-mi-na
ls.
 []


Underfull \hbox (badness 10000) in paragraph at lines 227--231
[]$\OT1/cmtt/m/n/10.95 https : / / www . kaspersky . com / about / press-[]rele
ases / 2017 _
 []


Underfull \hbox (badness 10000) in paragraph at lines 237--241
\OT1/cmtt/m/n/10.95 com / pa / CI / ESISAC / Documents / E-[]ISAC _ SANS _ Ukra
ine _ DUC _ 18Mar2016 . pdf$[]\OT1/cmr/m/n/10.95 ,
 []


Underfull \hbox (badness 4168) in paragraph at lines 256--259
[]\OT1/cmr/m/n/10.95 Internet Se-cu-ri-ty Th-reat Re-port 2018.  []$\OT1/cmtt/m
/n/10.95 https : / / www . symantec . com /
 []

[71]
Underfull \hbox (badness 10000) in paragraph at lines 365--370
\OT1/cmtt/m/n/10.95 / / www . trendmicro . com / vinfo / us / threat-[]encyclop
edia / web-[]attack / 48 /
 []

[72]) [73]
Package atveryend Info: Empty hook `BeforeClearDocument' on input line 106.
Package atveryend Info: Empty hook `AfterLastShipout' on input line 106.
 (./main.aux)
Package atveryend Info: Executing hook `AtVeryEndDocument' on input line 106.
Package atveryend Info: Executing hook `AtEndAfterFileList' on input line 106.
Package rerunfilecheck Info: File `main.out' has not changed.
(rerunfilecheck)             Checksum: 8A4C59BD225216C5F89CF12B22EC813E;3376.


LaTeX Warning: There were multiply-defined labels.

Package atveryend Info: Empty hook `AtVeryVeryEnd' on input line 106.
 ) 
Here is how much of TeX's memory you used:
 37593 strings out of 493029
 774148 string characters out of 6136234
 960066 words of memory out of 5000000
 40203 multiletter control sequences out of 15000+600000
 16608 words of font info for 58 fonts, out of 8000000 for 9000
 1141 hyphenation exceptions out of 8191
 68i,11n,100p,10391b,2074s stack positions out of 5000i,500n,10000p,200000b,80000s
=======
[75]) [76]
Package atveryend Info: Empty hook `BeforeClearDocument' on input line 113.
Package atveryend Info: Empty hook `AfterLastShipout' on input line 113.
 (./main.aux)
Package atveryend Info: Executing hook `AtVeryEndDocument' on input line 113.
Package atveryend Info: Executing hook `AtEndAfterFileList' on input line 113.
Package rerunfilecheck Info: File `main.out' has not changed.
(rerunfilecheck)             Checksum: F89F9062CA1AD7D533DDFDB105B75F5E;3430.
Package atveryend Info: Empty hook `AtVeryVeryEnd' on input line 113.
 ) 
Here is how much of TeX's memory you used:
 37529 strings out of 493029
 772979 string characters out of 6136234
 955065 words of memory out of 5000000
 40172 multiletter control sequences out of 15000+600000
 16263 words of font info for 57 fonts, out of 8000000 for 9000
 1141 hyphenation exceptions out of 8191
 68i,11n,100p,10391b,2075s stack positions out of 5000i,500n,10000p,200000b,80000s
>>>>>>> c19796f244639ae6773a4ab1a275f8179b609258
</usr/share/texlive/texmf-dist/fonts/type1/public/amsfonts/cm/cmbsy10.pfb></u
sr/share/texlive/texmf-dist/fonts/type1/public/amsfonts/cm/cmbx10.pfb></usr/sha
re/texlive/texmf-dist/fonts/type1/public/amsfonts/cm/cmbx12.pfb></usr/share/tex
live/texmf-dist/fonts/type1/public/amsfonts/cm/cmbx9.pfb></usr/share/texlive/te
xmf-dist/fonts/type1/public/amsfonts/cm/cmcsc10.pfb></usr/share/texlive/texmf-d
ist/fonts/type1/public/amsfonts/cm/cmex10.pfb></usr/share/texlive/texmf-dist/fo
nts/type1/public/amsfonts/cm/cmitt10.pfb></usr/share/texlive/texmf-dist/fonts/t
ype1/public/amsfonts/cm/cmmi10.pfb></usr/share/texlive/texmf-dist/fonts/type1/p
ublic/amsfonts/cm/cmmi8.pfb></usr/share/texlive/texmf-dist/fonts/type1/public/a
msfonts/cm/cmr10.pfb></usr/share/texlive/texmf-dist/fonts/type1/public/amsfonts
/cm/cmr12.pfb></usr/share/texlive/texmf-dist/fonts/type1/public/amsfonts/cm/cmr
6.pfb></usr/share/texlive/texmf-dist/fonts/type1/public/amsfonts/cm/cmr8.pfb></
usr/share/texlive/texmf-dist/fonts/type1/public/amsfonts/cm/cmr9.pfb></usr/shar
e/texlive/texmf-dist/fonts/type1/public/amsfonts/cm/cmsl10.pfb></usr/share/texl
ive/texmf-dist/fonts/type1/public/amsfonts/cm/cmsy10.pfb></usr/share/texlive/te
xmf-dist/fonts/type1/public/amsfonts/cm/cmsy8.pfb></usr/share/texlive/texmf-dis
t/fonts/type1/public/amsfonts/cm/cmsy9.pfb></usr/share/texlive/texmf-dist/fonts
/type1/public/amsfonts/cm/cmti10.pfb></usr/share/texlive/texmf-dist/fonts/type1
<<<<<<< HEAD
/public/amsfonts/cm/cmti9.pfb></usr/share/texlive/texmf-dist/fonts/type1/public
/amsfonts/cm/cmtt10.pfb>
Output written on main.pdf (74 pages, 1781123 bytes).
PDF statistics:
 1281 PDF objects out of 1440 (max. 8388607)
 1106 compressed objects within 12 object streams
 338 named destinations out of 1000 (max. 500000)
 577 words of extra memory for PDF output out of 10000 (max. 10000000)
=======
/public/amsfonts/cm/cmtt10.pfb>
Output written on main.pdf (76 pages, 1665341 bytes).
PDF statistics:
 1182 PDF objects out of 1200 (max. 8388607)
 1009 compressed objects within 11 object streams
 306 named destinations out of 1000 (max. 500000)
 580 words of extra memory for PDF output out of 10000 (max. 10000000)
>>>>>>> c19796f244639ae6773a4ab1a275f8179b609258

